2022-06-02 17:50:14 INFO  Logger1:36 - Test Started
2022-06-02 17:50:22 INFO  Logger1:50 - SCENARIO : 'add product to cart from main page' - is started
2022-06-02 17:50:28 INFO  Logger1:16 - user on home page
2022-06-02 17:50:28 INFO  Logger1:12 - notice has accepted
2022-06-02 17:51:18 INFO  Logger1:69 - SCENARIO : add product to cart from main page - is over
2022-06-02 17:51:22 INFO  Logger1:50 - SCENARIO : 'add product to cart from all catagoeries' - is started
2022-06-02 17:51:28 INFO  Logger1:16 - user on home page
2022-06-02 17:51:28 INFO  Logger1:12 - notice has accepted
2022-06-02 17:52:08 ERROR Logger1:63 - SCENARIO : add product to cart from all catagoeries - is FAILED
2022-06-02 17:52:08 INFO  Logger1:69 - SCENARIO : add product to cart from all catagoeries - is over
2022-06-02 17:52:12 INFO  Logger1:50 - SCENARIO : 'add product to cart from product display page' - is started
2022-06-02 17:52:21 INFO  Logger1:16 - user on home page
2022-06-02 17:52:22 INFO  Logger1:12 - notice has accepted
2022-06-02 17:53:43 INFO  Logger1:69 - SCENARIO : add product to cart from product display page - is over
2022-06-02 17:53:48 INFO  Logger1:50 - SCENARIO : 'update random product's count in main cart' - is started
2022-06-02 17:53:55 INFO  Logger1:16 - user on home page
2022-06-02 17:53:56 INFO  Logger1:12 - notice has accepted
2022-06-02 17:55:00 INFO  Logger1:69 - SCENARIO : update random product's count in main cart - is over
2022-06-02 17:55:04 INFO  Logger1:50 - SCENARIO : 'remove all product in main cart' - is started
2022-06-02 17:55:11 INFO  Logger1:16 - user on home page
2022-06-02 17:55:12 INFO  Logger1:12 - notice has accepted
2022-06-02 17:56:42 INFO  Logger1:69 - SCENARIO : remove all product in main cart - is over
2022-06-02 17:56:43 INFO  Logger1:83 - Test is Over
2022-06-02 18:17:21 INFO  Logger1:36 - Test Started
2022-06-02 18:17:35 INFO  Logger1:50 - SCENARIO : 'add product to cart from main page' - is started
2022-06-02 18:17:44 INFO  Logger1:16 - user on home page
2022-06-02 18:17:45 INFO  Logger1:12 - notice has accepted
2022-06-02 18:18:34 ERROR Logger1:63 - SCENARIO : add product to cart from main page - is FAILED
2022-06-02 18:18:34 INFO  Logger1:69 - SCENARIO : add product to cart from main page - is over
2022-06-02 18:18:35 INFO  Logger1:83 - Test is Over
2022-06-02 18:36:55 INFO  Logger1:36 - Test Started
2022-06-02 18:37:09 INFO  Logger1:50 - SCENARIO : 'add product to cart from main page' - is started
2022-06-02 18:37:18 INFO  Logger1:16 - user on home page
2022-06-02 18:37:19 INFO  Logger1:12 - notice has accepted
2022-06-02 18:38:10 INFO  Logger1:69 - SCENARIO : add product to cart from main page - is over
2022-06-02 18:38:12 INFO  Logger1:83 - Test is Over
2022-06-03 11:19:48 INFO  Logger1:27 - Test is started
2022-06-03 11:19:53 INFO  Logger1:35 - Test Started
2022-06-03 11:19:53 INFO  Logger1:78 - Test is Over
2022-06-03 11:19:53 INFO  Logger1:33 - Test is over
2022-06-03 11:20:52 INFO  Logger1:27 - Test is started
2022-06-03 11:20:57 INFO  Logger1:35 - Test Started
2022-06-03 11:20:57 INFO  Logger1:78 - Test is Over
2022-06-03 11:20:57 INFO  Logger1:33 - Test is over
2022-06-03 12:35:23 INFO  Logger1:46 -  on Start
2022-06-03 12:35:28 INFO  Logger1:30 - Test Started
2022-06-03 12:35:28 INFO  Logger1:26 - on Test Start
2022-06-03 12:35:39 INFO  Logger1:42 - SCENARIO : 'verify all images on main page' - is started
2022-06-03 12:35:45 INFO  Logger1:16 - user on home page
2022-06-03 12:35:47 INFO  Logger1:12 - notice has accepted
2022-06-03 12:35:49 INFO  Logger1:56 - SCENARIO : verify all images on main page - is over
2022-06-03 12:35:50 INFO  Logger1:31 -  on Test Success
2022-06-03 12:35:51 INFO  Logger1:73 - Test is Over
2022-06-03 12:35:51 INFO  Logger1:51 -  on Finish
2022-06-03 12:35:51 INFO  Logger1:46 -  on Start
2022-06-03 12:35:51 INFO  Logger1:30 - Test Started
2022-06-03 12:35:51 INFO  Logger1:26 - on Test Start
2022-06-03 12:35:54 INFO  Logger1:42 - SCENARIO : 'verify all images on main page' - is started
2022-06-03 12:35:58 INFO  Logger1:16 - user on home page
2022-06-03 12:35:59 INFO  Logger1:12 - notice has accepted
2022-06-03 12:36:00 INFO  Logger1:56 - SCENARIO : verify all images on main page - is over
2022-06-03 12:36:01 INFO  Logger1:31 -  ron Test Success
                                                   2022-06-03 12:36:01 INFO  Logger1:73 - Test is Ove
2022-06-03 12:36:02 INFO  Logger1:51 -  on Finish
2022-06-03 15:12:42 INFO  Logger1:47 -  on Start
2022-06-03 15:12:43 INFO  Logger1:52 -  on Finish
2022-06-03 15:12:43 INFO  Logger1:47 -  on Start
2022-06-03 15:12:43 INFO  Logger1:52 -  on Finish
2022-06-03 15:13:33 INFO  Logger1:47 -  on Start
2022-06-03 15:13:39 INFO  Logger1:32 - Test Started
2022-06-03 15:13:39 INFO  Logger1:27 - on Test Start
2022-06-03 15:13:53 INFO  Logger1:44 - SCENARIO : 'verify all images on main page' - is started
2022-06-03 15:14:08 INFO  Logger1:16 - user on home page
2022-06-03 15:14:08 INFO  Logger1:12 - notice has accepted
2022-06-03 15:14:10 INFO  Logger1:58 - SCENARIO : verify all images on main page - is over
2022-06-03 15:14:12 INFO  Logger1:32 -  on Test Success
2022-06-03 15:14:12 INFO  Logger1:75 - Test is Over
2022-06-03 15:14:12 INFO  Logger1:52 -  on Finish
2022-06-03 15:14:12 INFO  Logger1:47 -  on Start
2022-06-03 15:14:13 INFO  Logger1:32 - Test Started
2022-06-03 15:14:13 INFO  Logger1:27 - on Test Start
2022-06-03 15:14:16 INFO  Logger1:44 - SCENARIO : 'verify all images on main page' - is started
2022-06-03 15:14:24 INFO  Logger1:16 - user on home page
2022-06-03 15:14:25 INFO  Logger1:12 - notice has accepted
2022-06-03 15:14:26 INFO  Logger1:58 - SCENARIO : verify all images on main page - is over
2022-06-03 15:14:27 INFO  Logger1:32 -  on Test Success
2022-06-03 15:14:27 INFO  Logger1:75 - Test is Over
2022-06-03 15:14:27 INFO  Logger1:52 -  on Finish
2022-06-03 15:34:16 INFO  Logger1:47 -  on Start
2022-06-03 15:34:36 INFO  Logger1:32 - Test Started
2022-06-03 15:34:36 INFO  Logger1:27 - on Test Start
2022-06-03 15:34:37 INFO  Logger1:44 - SCENARIO : 'verify all images on main page' - is started
2022-06-03 15:34:43 INFO  Logger1:16 - user on home page
2022-06-03 15:34:43 INFO  Logger1:12 - notice has accepted
2022-06-03 15:34:45 INFO  Logger1:58 - SCENARIO : verify all images on main page - is over
2022-06-03 15:34:47 INFO  Logger1:32 -  on Test Success
2022-06-03 15:34:47 INFO  Logger1:75 - Test is Over
2022-06-03 15:34:47 INFO  Logger1:52 -  on Finish
2022-06-03 15:34:48 INFO  Logger1:47 -  on Start
2022-06-03 15:34:51 INFO  Logger1:32 - Test Started
2022-06-03 15:34:51 INFO  Logger1:27 - on Test Start
2022-06-03 15:34:53 INFO  Logger1:44 - SCENARIO : 'verify all images on main page' - is started
2022-06-03 15:35:01 INFO  Logger1:16 - user on home page
2022-06-03 15:35:01 INFO  Logger1:12 - notice has accepted
2022-06-03 15:35:03 INFO  Logger1:58 - SCENARIO : verify all images on main page - is over
2022-06-03 15:35:04 INFO  Logger1:32 -  on Test Success
2022-06-03 15:35:04 INFO  Logger1:75 - Test is Over
2022-06-03 15:35:04 INFO  Logger1:52 -  on Finish
2022-06-03 15:42:49 INFO  Logger1:47 -  on Start
2022-06-03 15:42:54 INFO  Logger1:32 - Test Started
2022-06-03 15:43:07 INFO  Logger1:27 - on Test Start
2022-06-03 15:43:07 INFO  Logger1:44 - SCENARIO : 'verify all images on main page' - is started
2022-06-03 15:43:13 INFO  Logger1:16 - user on home page
2022-06-03 15:43:13 INFO  Logger1:12 - notice has accepted
2022-06-03 15:43:15 INFO  Logger1:58 - SCENARIO : verify all images on main page - is over
2022-06-03 15:43:15 INFO  Logger1:32 -  on Test Success
2022-06-03 15:43:15 INFO  Logger1:75 - Test is Over
2022-06-03 15:43:15 INFO  Logger1:52 -  on Finish
2022-06-03 15:43:15 INFO  Logger1:47 -  on Start
2022-06-03 15:43:15 INFO  Logger1:32 - Test Started
2022-06-03 15:43:15 INFO  Logger1:27 - on Test Start
2022-06-03 15:43:16 INFO  Logger1:44 - SCENARIO : 'verify all images on main page' - is started
2022-06-03 15:43:18 INFO  Logger1:16 - user on home page
2022-06-03 15:43:38 ERROR Logger1:55 - SCENARIO : verify all images on main page - is FAILED
2022-06-03 15:43:39 INFO  Logger1:37 -  on Test Failure
2022-06-03 15:43:39 INFO  Logger1:75 - Test is Over
2022-06-03 15:43:39 INFO  Logger1:52 -  on Finish
2022-06-03 15:51:55 INFO  Logger1:16 - user on home page
2022-06-03 15:51:56 INFO  Logger1:12 - notice has accepted
2022-06-03 15:52:27 INFO  Logger1:16 - user on home page
2022-06-03 15:52:28 INFO  Logger1:12 - notice has accepted
2022-06-03 15:52:51 INFO  Logger1:16 - user on home page
2022-06-03 15:52:52 INFO  Logger1:12 - notice has accepted
2022-06-03 15:55:55 INFO  Logger1:16 - user on home page
2022-06-03 15:55:56 INFO  Logger1:12 - notice has accepted
2022-06-03 15:56:23 INFO  Logger1:16 - user on home page
2022-06-03 15:56:24 INFO  Logger1:12 - notice has accepted
2022-06-03 15:57:00 INFO  Logger1:16 - user on home page
2022-06-03 15:57:00 INFO  Logger1:12 - notice has accepted
2022-06-03 15:58:52 INFO  Logger1:16 - user on home page
2022-06-03 15:58:52 INFO  Logger1:12 - notice has accepted
2022-06-03 15:59:27 INFO  Logger1:16 - user on home page
2022-06-03 15:59:28 INFO  Logger1:12 - notice has accepted
2022-06-03 16:00:01 INFO  Logger1:16 - user on home page
2022-06-03 16:00:01 INFO  Logger1:12 - notice has accepted
2022-06-03 16:08:54 INFO  Logger1:16 - user on home page
2022-06-03 16:08:55 INFO  Logger1:12 - notice has accepted
2022-06-03 16:10:31 INFO  Logger1:16 - user on home page
2022-06-03 16:10:33 INFO  Logger1:12 - notice has accepted
2022-06-03 16:12:47 INFO  Logger1:16 - user on home page
2022-06-03 16:12:48 INFO  Logger1:12 - notice has accepted
2022-06-03 16:24:56 INFO  Logger1:47 -  on Start
2022-06-03 16:25:19 INFO  Logger1:32 - Test Started
2022-06-03 16:25:19 INFO  Logger1:27 - on Test Start
2022-06-03 16:25:19 INFO  Logger1:44 - SCENARIO : 'verify all images on main page' - is started
2022-06-03 16:26:22 INFO  Logger1:16 - user on home page
2022-06-03 16:26:22 INFO  Logger1:12 - notice has accepted
2022-06-03 16:26:24 INFO  Logger1:58 - SCENARIO : verify all images on main page - is over
2022-06-03 16:26:25 INFO  Logger1:32 -  on Test Success
2022-06-03 16:26:25 INFO  Logger1:75 - Test is Over
2022-06-03 16:26:25 INFO  Logger1:52 -  on Finish
2022-06-03 16:26:25 INFO  Logger1:47 -  on Start
2022-06-03 16:26:26 INFO  Logger1:32 - Test Started
2022-06-03 16:26:26 INFO  Logger1:27 - on Test Start
2022-06-03 16:26:27 INFO  Logger1:44 - SCENARIO : 'verify all images on main page' - is started
2022-06-03 16:26:35 INFO  Logger1:16 - user on home page
2022-06-03 16:26:55 ERROR Logger1:55 - SCENARIO : verify all images on main page - is FAILED
2022-06-03 16:26:56 ERROR Logger1:37 -  on Test Failure
2022-06-03 16:26:56 INFO  Logger1:75 - Test is Over
2022-06-03 16:26:56 INFO  Logger1:52 -  on Finish
2022-06-03 16:30:06 INFO  Logger1:47 -  on Start
2022-06-03 16:30:43 INFO  Logger1:32 - Test Started
2022-06-03 16:30:43 INFO  Logger1:27 - on Test Start
2022-06-03 16:30:43 INFO  Logger1:44 - SCENARIO : 'verify all images on main page' - is started
2022-06-03 16:32:40 INFO  Logger1:16 - user on home page
2022-06-03 16:32:41 INFO  Logger1:12 - notice has accepted
2022-06-03 16:32:43 INFO  Logger1:58 - SCENARIO : verify all images on main page - is over
2022-06-03 16:32:43 INFO  Logger1:32 -  on Test Success
2022-06-03 16:32:43 INFO  Logger1:75 - Test is Over
2022-06-03 16:32:43 INFO  Logger1:52 -  on Finish
2022-06-03 16:32:43 INFO  Logger1:47 -  on Start
2022-06-03 16:32:44 INFO  Logger1:32 - Test Started
2022-06-03 16:32:44 INFO  Logger1:27 - on Test Start
2022-06-03 16:32:44 INFO  Logger1:44 - SCENARIO : 'verify all images on main page' - is started
2022-06-03 16:33:12 INFO  Logger1:16 - user on home page
2022-06-03 16:33:32 ERROR Logger1:55 - SCENARIO : verify all images on main page - is FAILED
2022-06-03 16:33:32 ERROR Logger1:37 -  on Test Failure
2022-06-03 16:33:33 INFO  Logger1:75 - Test is Over
2022-06-03 16:33:33 INFO  Logger1:52 -  on Finish
2022-06-03 18:13:26 INFO  Logger1:32 - Test Started
2022-06-03 18:14:04 INFO  Logger1:32 - Test Started
2022-06-03 18:14:13 INFO  Logger1:44 - SCENARIO : 'purchase product from main cart with logged in user' - is started
2022-06-03 18:15:13 INFO  Logger1:16 - user on home page
2022-06-03 18:15:18 ERROR Logger1:55 - SCENARIO : purchase product from main cart with logged in user - is FAILED
2022-06-03 18:16:33 INFO  Logger1:32 - Test Started
2022-06-03 18:16:41 INFO  Logger1:44 - SCENARIO : 'purchase product from main cart with logged in user' - is started
2022-06-03 18:16:46 INFO  Logger1:16 - user on home page
2022-06-03 18:16:47 INFO  Logger1:12 - notice has accepted
2022-06-03 18:16:50 INFO  Logger1:21 - user goes to login page
2022-06-03 18:16:51 INFO  Logger1:24 - user writes kursjava@gmail.com
2022-06-03 18:16:51 INFO  Logger1:27 - user writes kurs.java.123
2022-06-03 18:16:54 INFO  Logger1:30 - user click submit button
2022-06-03 18:18:47 INFO  Logger1:58 - SCENARIO : purchase product from main cart with logged in user - is over
2022-06-03 18:18:53 INFO  Logger1:44 - SCENARIO : 'purchase product from mini cart with guest user' - is started
2022-06-03 18:19:02 INFO  Logger1:16 - user on home page
2022-06-03 18:19:02 INFO  Logger1:12 - notice has accepted
2022-06-03 18:22:43 ERROR Logger1:55 - SCENARIO : purchase product from mini cart with guest user - is FAILED
2022-06-03 18:22:45 INFO  Logger1:75 - Test is Over
2022-06-03 18:22:46 INFO  Logger1:32 - Test Started
2022-06-03 18:22:52 INFO  Logger1:44 - SCENARIO : 'add same product two times to Comparison List' - is started
2022-06-03 18:23:49 INFO  Logger1:16 - user on home page
2022-06-03 18:23:49 INFO  Logger1:12 - notice has accepted
2022-06-03 18:24:36 INFO  Logger1:58 - SCENARIO : add same product two times to Comparison List - is over
2022-06-03 18:24:41 INFO  Logger1:44 - SCENARIO : 'add two products to Comparison List' - is started
2022-06-03 18:24:48 INFO  Logger1:16 - user on home page
2022-06-03 18:24:49 INFO  Logger1:12 - notice has accepted
2022-06-03 18:25:36 INFO  Logger1:58 - SCENARIO : add two products to Comparison List - is over
2022-06-03 18:25:41 INFO  Logger1:44 - SCENARIO : 'remove all products from comparison list' - is started
2022-06-03 18:25:50 INFO  Logger1:16 - user on home page
2022-06-03 18:25:50 INFO  Logger1:12 - notice has accepted
2022-06-03 18:27:26 INFO  Logger1:58 - SCENARIO : remove all products from comparison list - is over
2022-06-03 18:27:27 INFO  Logger1:75 - Test is Over
2022-06-03 18:31:41 INFO  Logger1:32 - Test Started
2022-06-03 18:31:48 INFO  Logger1:44 - SCENARIO : 'add same product two times to Comparison List' - is started
2022-06-03 18:31:56 INFO  Logger1:16 - user on home page
2022-06-03 18:31:57 INFO  Logger1:12 - notice has accepted
2022-06-03 18:33:49 INFO  Logger1:16 - user on home page
2022-06-03 18:33:50 INFO  Logger1:12 - notice has accepted
2022-06-03 18:33:52 INFO  Logger1:16 - user on home page
2022-06-03 18:33:53 INFO  Logger1:12 - notice has accepted
2022-06-03 18:35:11 INFO  Logger1:16 - user on home page
2022-06-03 18:35:11 INFO  Logger1:16 - user on home page
2022-06-03 18:35:12 INFO  Logger1:12 - notice has accepted
2022-06-03 18:35:12 INFO  Logger1:12 - notice has accepted
2022-06-03 18:36:16 INFO  Logger1:16 - user on home page
2022-06-03 18:36:18 INFO  Logger1:12 - notice has accepted
2022-06-03 18:36:26 INFO  Logger1:16 - user on home page
2022-06-03 18:36:27 INFO  Logger1:12 - notice has accepted
2022-06-03 18:42:34 INFO  Logger1:16 - user on home page
2022-06-03 18:42:35 INFO  Logger1:12 - notice has accepted
2022-06-03 18:42:38 INFO  Logger1:16 - user on home page
2022-06-03 18:42:39 INFO  Logger1:12 - notice has accepted
2022-06-03 18:44:21 INFO  Logger1:16 - user on home page
2022-06-03 18:44:21 INFO  Logger1:12 - notice has accepted
2022-06-03 18:44:32 INFO  Logger1:16 - user on home page
2022-06-03 18:44:33 INFO  Logger1:12 - notice has accepted
2022-06-03 18:46:13 INFO  Logger1:16 - user on home page
2022-06-03 18:46:14 INFO  Logger1:12 - notice has accepted
2022-06-03 18:46:35 INFO  Logger1:16 - user on home page
2022-06-03 18:46:36 INFO  Logger1:12 - notice has accepted
2022-06-03 19:03:27 INFO  Logger1:16 - user on home page
2022-06-03 19:03:27 INFO  Logger1:12 - notice has accepted
2022-06-03 19:03:32 INFO  Logger1:16 - user on home page
2022-06-03 19:21:20 INFO  Logger1:16 - user on home page
2022-06-03 19:21:20 INFO  Logger1:12 - notice has accepted
2022-06-03 19:21:24 INFO  Logger1:16 - user on home page
2022-06-03 19:21:48 INFO  Logger1:16 - user on home page
2022-06-03 19:22:11 INFO  Logger1:16 - user on home page
2022-06-03 19:22:34 INFO  Logger1:16 - user on home page
2022-06-03 19:22:57 INFO  Logger1:16 - user on home page
2022-06-03 19:23:20 INFO  Logger1:16 - user on home page
2022-06-03 19:23:44 INFO  Logger1:16 - user on home page
2022-06-03 19:24:25 INFO  Logger1:16 - user on home page
2022-06-03 19:24:26 INFO  Logger1:12 - notice has accepted
2022-06-03 19:24:30 INFO  Logger1:16 - user on home page
2022-06-03 19:24:53 INFO  Logger1:16 - user on home page
2022-06-03 19:28:05 INFO  Logger1:16 - user on home page
2022-06-03 19:28:06 INFO  Logger1:12 - notice has accepted
2022-06-03 19:28:14 INFO  Logger1:16 - user on home page
2022-06-03 19:42:15 INFO  Logger1:16 - user on home page
2022-06-03 19:42:15 INFO  Logger1:12 - notice has accepted
2022-06-03 19:42:27 INFO  Logger1:16 - user on home page
2022-06-03 19:43:51 INFO  Logger1:16 - user on home page
2022-06-03 19:43:51 INFO  Logger1:12 - notice has accepted
2022-06-03 19:43:59 INFO  Logger1:16 - user on home page
2022-06-03 19:44:23 INFO  Logger1:16 - user on home page
2022-06-03 19:44:47 INFO  Logger1:16 - user on home page
2022-06-03 19:45:11 INFO  Logger1:16 - user on home page
2022-06-03 19:46:31 INFO  Logger1:16 - user on home page
2022-06-03 19:46:31 INFO  Logger1:12 - notice has accepted
2022-06-03 19:46:36 INFO  Logger1:16 - user on home page
2022-06-03 19:49:54 INFO  Logger1:32 - Test Started
2022-06-03 19:50:02 INFO  Logger1:44 - SCENARIO : 'verify all images on main page' - is started
2022-06-03 19:50:10 INFO  Logger1:16 - user on home page
2022-06-03 19:50:11 INFO  Logger1:12 - notice has accepted
2022-06-03 19:50:15 INFO  Logger1:58 - SCENARIO : verify all images on main page - is over
2022-06-03 19:50:19 INFO  Logger1:44 - SCENARIO : 'login website' - is started
2022-06-03 19:50:25 INFO  Logger1:16 - user on home page
2022-06-03 19:50:26 INFO  Logger1:12 - notice has accepted
2022-06-03 19:50:32 INFO  Logger1:21 - user goes to login page
2022-06-03 19:50:32 INFO  Logger1:24 - user writes kursjava@gmail.com
2022-06-03 19:50:33 INFO  Logger1:27 - user writes kurs.java.123
2022-06-03 19:50:37 INFO  Logger1:30 - user click submit button
2022-06-03 19:50:37 INFO  Logger1:37 - My Account Section is verified after is logged in 
2022-06-03 19:50:37 INFO  Logger1:58 - SCENARIO : login website - is over
2022-06-03 19:50:41 INFO  Logger1:44 - SCENARIO : 'verify all images and prices on all products page' - is started
2022-06-03 19:50:47 INFO  Logger1:16 - user on home page
2022-06-03 19:50:47 INFO  Logger1:12 - notice has accepted
2022-06-03 19:51:03 INFO  Logger1:58 - SCENARIO : verify all images and prices on all products page - is over
2022-06-03 19:51:06 INFO  Logger1:44 - SCENARIO : 'verify dropdown menu on all products' - is started
2022-06-03 19:51:12 INFO  Logger1:16 - user on home page
2022-06-03 19:51:12 INFO  Logger1:12 - notice has accepted
2022-06-03 19:51:26 ERROR Logger1:55 - SCENARIO : verify dropdown menu on all products - is FAILED
2022-06-03 19:51:30 INFO  Logger1:44 - SCENARIO : 'verify sorting section on all products' - is started
2022-06-03 19:51:37 INFO  Logger1:16 - user on home page
2022-06-03 19:51:37 INFO  Logger1:12 - notice has accepted
2022-06-03 19:51:54 INFO  Logger1:58 - SCENARIO : verify sorting section on all products - is over
2022-06-03 19:51:58 INFO  Logger1:44 - SCENARIO : 'filter all products by price' - is started
2022-06-03 19:52:04 INFO  Logger1:16 - user on home page
2022-06-03 19:52:04 INFO  Logger1:12 - notice has accepted
2022-06-03 19:52:19 INFO  Logger1:58 - SCENARIO : filter all products by price - is over
2022-06-03 19:52:22 INFO  Logger1:44 - SCENARIO : 'filter all products by color' - is started
2022-06-03 19:52:29 INFO  Logger1:16 - user on home page
2022-06-03 19:52:29 INFO  Logger1:12 - notice has accepted
2022-06-03 19:53:22 INFO  Logger1:58 - SCENARIO : filter all products by color - is over
2022-06-03 19:53:27 INFO  Logger1:44 - SCENARIO : 'filter all products by size' - is started
2022-06-03 19:53:33 INFO  Logger1:16 - user on home page
2022-06-03 19:53:33 INFO  Logger1:12 - notice has accepted
2022-06-03 19:54:33 INFO  Logger1:58 - SCENARIO : filter all products by size - is over
2022-06-03 19:54:38 INFO  Logger1:44 - SCENARIO : 'filter all products by material' - is started
2022-06-03 19:54:43 INFO  Logger1:16 - user on home page
2022-06-03 19:54:44 INFO  Logger1:12 - notice has accepted
2022-06-03 19:55:49 INFO  Logger1:58 - SCENARIO : filter all products by material - is over
2022-06-03 19:55:52 INFO  Logger1:44 - SCENARIO : 'filter product by gender' - is started
2022-06-03 19:55:59 INFO  Logger1:16 - user on home page
2022-06-03 19:55:59 INFO  Logger1:12 - notice has accepted
2022-06-03 19:57:30 INFO  Logger1:58 - SCENARIO : filter product by gender - is over
2022-06-03 19:57:33 INFO  Logger1:44 - SCENARIO : 'Display random two product and validate on recently viewed section as a registered user' - is started
2022-06-03 19:57:41 INFO  Logger1:16 - user on home page
2022-06-03 19:57:42 INFO  Logger1:12 - notice has accepted
2022-06-03 19:57:48 INFO  Logger1:21 - user goes to login page
2022-06-03 19:57:48 INFO  Logger1:24 - user writes kursjava@gmail.com
2022-06-03 19:57:48 INFO  Logger1:27 - user writes kurs.java.123
2022-06-03 19:57:52 INFO  Logger1:30 - user click submit button
2022-06-03 19:58:23 INFO  Logger1:58 - SCENARIO : Display random two product and validate on recently viewed section as a registered user - is over
2022-06-03 19:58:24 INFO  Logger1:73 - Test is Over
2022-06-03 20:28:05 INFO  Logger1:32 - Test Started
2022-06-03 20:28:15 INFO  Logger1:44 - SCENARIO : 'login website' - is started
2022-06-03 20:28:21 INFO  Logger1:16 - user on home page
2022-06-03 20:28:21 INFO  Logger1:12 - notice has accepted
2022-06-03 20:28:27 INFO  Logger1:21 - user goes to login page
2022-06-03 20:28:27 INFO  Logger1:24 - user writes kursjava@gmail.com
2022-06-03 20:28:27 INFO  Logger1:27 - user writes kurs.java.123
2022-06-03 20:28:30 INFO  Logger1:30 - user click submit button
2022-06-03 20:28:30 INFO  Logger1:37 - My Account Section is verified after is logged in 
2022-06-03 20:28:31 INFO  Logger1:58 - SCENARIO : login website - is over
2022-06-03 20:28:32 INFO  Logger1:73 - Test is Over
2022-06-03 20:42:09 INFO  Logger1:32 - Test Started
2022-06-03 20:42:18 INFO  Logger1:44 - SCENARIO : 'verify all images on main page' - is started
2022-06-03 20:42:26 INFO  Logger1:16 - user on home page
2022-06-03 20:42:27 INFO  Logger1:12 - notice has accepted
2022-06-03 20:42:28 INFO  Logger1:58 - SCENARIO : verify all images on main page - is over
2022-06-03 20:42:33 INFO  Logger1:44 - SCENARIO : 'login website' - is started
2022-06-03 20:42:40 INFO  Logger1:16 - user on home page
2022-06-03 20:42:41 INFO  Logger1:12 - notice has accepted
2022-06-03 20:42:46 INFO  Logger1:21 - user goes to login page
2022-06-03 20:42:46 INFO  Logger1:24 - user writes kursjava@gmail.com
2022-06-03 20:42:46 INFO  Logger1:27 - user writes kurs.java.123
2022-06-03 20:42:50 INFO  Logger1:30 - user click submit button
2022-06-03 20:42:50 INFO  Logger1:37 - My Account Section is verified after is logged in 
2022-06-03 20:42:50 INFO  Logger1:58 - SCENARIO : login website - is over
2022-06-03 20:42:55 INFO  Logger1:44 - SCENARIO : 'verify all images and prices on all products page' - is started
2022-06-03 20:43:36 INFO  Logger1:32 - Test Started
2022-06-03 20:43:36 INFO  Logger1:32 - Test Started
2022-06-03 20:43:36 INFO  Logger1:73 - Test is Over
2022-06-03 20:43:46 INFO  Logger1:44 - SCENARIO : 'verify all images on main page' - is started
2022-06-03 20:43:53 INFO  Logger1:16 - user on home page
2022-06-03 20:43:54 INFO  Logger1:12 - notice has accepted
2022-06-03 20:43:56 INFO  Logger1:58 - SCENARIO : verify all images on main page - is over
2022-06-03 20:44:02 INFO  Logger1:44 - SCENARIO : 'login website' - is started
2022-06-03 20:44:11 INFO  Logger1:16 - user on home page
2022-06-03 20:44:12 INFO  Logger1:12 - notice has accepted
2022-06-03 20:44:20 INFO  Logger1:21 - user goes to login page
2022-06-03 20:44:21 INFO  Logger1:24 - user writes kursjava@gmail.com
2022-06-03 20:44:22 INFO  Logger1:27 - user writes kurs.java.123
2022-06-03 20:44:29 INFO  Logger1:30 - user click submit button
2022-06-03 20:44:30 INFO  Logger1:37 - My Account Section is verified after is logged in 
2022-06-03 20:44:30 INFO  Logger1:58 - SCENARIO : login website - is over
2022-06-03 20:44:36 INFO  Logger1:44 - SCENARIO : 'verify all images and prices on all products page' - is started
2022-06-03 20:44:47 INFO  Logger1:16 - user on home page
2022-06-03 20:44:47 INFO  Logger1:12 - notice has accepted
2022-06-03 20:45:09 INFO  Logger1:58 - SCENARIO : verify all images and prices on all products page - is over
2022-06-03 20:45:13 INFO  Logger1:44 - SCENARIO : 'verify dropdown menu on all products' - is started
2022-06-03 20:45:20 INFO  Logger1:16 - user on home page
2022-06-03 20:45:21 INFO  Logger1:12 - notice has accepted
2022-06-03 20:45:37 INFO  Logger1:58 - SCENARIO : verify dropdown menu on all products - is over
2022-06-03 20:45:41 INFO  Logger1:44 - SCENARIO : 'verify sorting section on all products' - is started
2022-06-03 20:45:50 INFO  Logger1:16 - user on home page
2022-06-03 20:45:51 INFO  Logger1:12 - notice has accepted
2022-06-03 20:46:02 INFO  Logger1:58 - SCENARIO : verify sorting section on all products - is over
2022-06-03 20:46:07 INFO  Logger1:44 - SCENARIO : 'filter all products by price' - is started
2022-06-03 20:46:15 INFO  Logger1:16 - user on home page
2022-06-03 20:46:15 INFO  Logger1:12 - notice has accepted
2022-06-03 20:46:37 INFO  Logger1:58 - SCENARIO : filter all products by price - is over
2022-06-03 20:46:44 INFO  Logger1:44 - SCENARIO : 'filter all products by color' - is started
2022-06-03 20:46:56 INFO  Logger1:16 - user on home page
2022-06-03 20:46:57 INFO  Logger1:12 - notice has accepted
2022-06-03 20:47:24 ERROR Logger1:55 - SCENARIO : filter all products by color - is FAILED
2022-06-03 20:47:28 INFO  Logger1:44 - SCENARIO : 'filter all products by size' - is started
2022-06-03 20:47:36 INFO  Logger1:16 - user on home page
2022-06-03 20:47:36 INFO  Logger1:12 - notice has accepted
2022-06-03 20:49:00 INFO  Logger1:32 - Test Started
2022-06-03 20:49:00 INFO  Logger1:73 - Test is Over
2022-06-03 20:50:27 INFO  Logger1:35 -  on Start
2022-06-03 20:50:30 INFO  Logger1:32 - Test Started
2022-06-03 20:50:30 INFO  Logger1:32 - Test Started
2022-06-03 20:50:31 INFO  Logger1:15 - on Test Start
2022-06-03 20:50:31 INFO  Logger1:15 - on Test Start
2022-06-03 20:50:43 INFO  Logger1:44 - SCENARIO : 'verify all images on main page' - is started
2022-06-03 20:50:43 INFO  Logger1:44 - SCENARIO : 'add wish list from product's heart icon on main page' - is started
2022-06-03 20:50:57 INFO  Logger1:16 - user on home page
2022-06-03 20:50:59 INFO  Logger1:12 - notice has accepted
2022-06-03 20:50:59 INFO  Logger1:16 - user on home page
2022-06-03 20:51:00 INFO  Logger1:12 - notice has accepted
2022-06-03 20:51:03 INFO  Logger1:58 - SCENARIO : verify all images on main page - is over
2022-06-03 20:51:05 INFO  Logger1:20 -  on Test Success
2022-06-03 20:51:05 INFO  Logger1:15 - on Test Start
2022-06-03 20:51:08 INFO  Logger1:44 - SCENARIO : 'login website' - is started
2022-06-03 20:51:34 INFO  Logger1:58 - SCENARIO : add wish list from product's heart icon on main page - is over
2022-06-03 20:51:34 INFO  Logger1:16 - user on home page
2022-06-03 20:51:35 INFO  Logger1:12 - notice has accepted
2022-06-03 20:51:37 INFO  Logger1:20 -  on Test Success
2022-06-03 20:51:37 INFO  Logger1:15 - on Test Start
2022-06-03 20:51:44 INFO  Logger1:44 - SCENARIO : 'add wish list from product's heart icon on all products page' - is started
2022-06-03 20:51:48 INFO  Logger1:21 - user goes to login page
2022-06-03 20:51:51 INFO  Logger1:24 - user writes kursjava@gmail.com
2022-06-03 20:51:52 INFO  Logger1:27 - user writes kurs.java.123
2022-06-03 20:51:57 INFO  Logger1:16 - user on home page
2022-06-03 20:51:58 INFO  Logger1:12 - notice has accepted
2022-06-03 20:51:59 INFO  Logger1:30 - user click submit button
2022-06-03 20:52:00 INFO  Logger1:37 - My Account Section is verified after is logged in 
2022-06-03 20:52:00 INFO  Logger1:58 - SCENARIO : login website - is over
2022-06-03 20:52:03 INFO  Logger1:20 -  on Test Success
2022-06-03 20:52:03 INFO  Logger1:15 - on Test Start
2022-06-03 20:52:09 INFO  Logger1:44 - SCENARIO : 'verify all images and prices on all products page' - is started
2022-06-03 20:52:24 INFO  Logger1:16 - user on home page
2022-06-03 20:52:25 INFO  Logger1:12 - notice has accepted
2022-06-03 20:52:38 INFO  Logger1:58 - SCENARIO : add wish list from product's heart icon on all products page - is over
2022-06-03 20:52:48 INFO  Logger1:20 -  on Test Success
2022-06-03 20:52:48 INFO  Logger1:15 - on Test Start
2022-06-03 20:52:53 INFO  Logger1:44 - SCENARIO : 'add wish list from wish list link on display page' - is started
2022-06-03 20:53:01 INFO  Logger1:58 - SCENARIO : verify all images and prices on all products page - is over
2022-06-03 20:53:03 INFO  Logger1:20 -  on Test Success
2022-06-03 20:53:03 INFO  Logger1:15 - on Test Start
2022-06-03 20:53:04 INFO  Logger1:16 - user on home page
2022-06-03 20:53:04 INFO  Logger1:12 - notice has accepted
2022-06-03 20:53:07 INFO  Logger1:44 - SCENARIO : 'verify dropdown menu on all products' - is started
2022-06-03 20:53:28 INFO  Logger1:16 - user on home page
2022-06-03 20:53:28 INFO  Logger1:12 - notice has accepted
2022-06-03 20:53:57 INFO  Logger1:58 - SCENARIO : add wish list from wish list link on display page - is over
2022-06-03 20:53:58 ERROR Logger1:55 - SCENARIO : verify dropdown menu on all products - is FAILED
2022-06-03 20:53:59 INFO  Logger1:20 -  on Test Success
2022-06-03 20:53:59 INFO  Logger1:15 - on Test Start
2022-06-03 20:53:59 ERROR Logger1:25 -  on Test Failure
2022-06-03 20:53:59 INFO  Logger1:15 - on Test Start
2022-06-03 20:54:02 INFO  Logger1:44 - SCENARIO : 'click heart icon and goes to wish list from "heartbeat" icon on all products page' - is started
2022-06-03 20:54:03 INFO  Logger1:44 - SCENARIO : 'verify sorting section on all products' - is started
2022-06-03 20:54:21 INFO  Logger1:16 - user on home page
2022-06-03 20:54:21 INFO  Logger1:16 - user on home page
2022-06-03 20:54:22 INFO  Logger1:12 - notice has accepted
2022-06-03 20:54:22 INFO  Logger1:12 - notice has accepted
2022-06-03 20:54:57 INFO  Logger1:58 - SCENARIO : verify sorting section on all products - is over
2022-06-03 20:54:58 INFO  Logger1:20 -  on Test Success
2022-06-03 20:54:58 INFO  Logger1:15 - on Test Start
2022-06-03 20:55:02 INFO  Logger1:44 - SCENARIO : 'filter all products by price' - is started
2022-06-03 20:55:11 INFO  Logger1:58 - SCENARIO : click heart icon and goes to wish list from "heartbeat" icon on all products page - is over
2022-06-03 20:55:15 INFO  Logger1:20 -  on Test Success
2022-06-03 20:55:15 INFO  Logger1:15 - on Test Start
2022-06-03 20:55:15 INFO  Logger1:16 - user on home page
2022-06-03 20:55:16 INFO  Logger1:12 - notice has accepted
2022-06-03 20:55:21 INFO  Logger1:44 - SCENARIO : 'remove product from wish list' - is started
2022-06-03 20:55:41 INFO  Logger1:16 - user on home page
2022-06-03 20:55:41 INFO  Logger1:12 - notice has accepted
2022-06-03 20:55:47 INFO  Logger1:58 - SCENARIO : filter all products by price - is over
2022-06-03 20:55:49 INFO  Logger1:20 -  on Test Success
2022-06-03 20:55:49 INFO  Logger1:15 - on Test Start
2022-06-03 20:55:54 INFO  Logger1:44 - SCENARIO : 'filter all products by color' - is started
2022-06-03 20:56:02 INFO  Logger1:16 - user on home page
2022-06-03 20:56:03 INFO  Logger1:12 - notice has accepted
2022-06-03 20:56:17 INFO  Logger1:58 - SCENARIO : remove product from wish list - is over
2022-06-03 20:56:19 INFO  Logger1:20 -  on Test Success
2022-06-03 20:56:19 INFO  Logger1:15 - on Test Start
2022-06-03 20:56:22 INFO  Logger1:44 - SCENARIO : 'search keyword from search field on main page' - is started
2022-06-03 20:56:34 INFO  Logger1:16 - user on home page
2022-06-03 20:56:35 INFO  Logger1:12 - notice has accepted
2022-06-03 20:56:43 INFO  Logger1:58 - SCENARIO : search keyword from search field on main page - is over
2022-06-03 20:56:45 INFO  Logger1:20 -  on Test Success
2022-06-03 20:56:45 INFO  Logger1:15 - on Test Start
2022-06-03 20:56:50 INFO  Logger1:44 - SCENARIO : 'search keyword from search field on all catagories page' - is started
2022-06-03 20:57:01 INFO  Logger1:16 - user on home page
2022-06-03 20:57:01 INFO  Logger1:12 - notice has accepted
2022-06-03 20:57:14 ERROR Logger1:55 - SCENARIO : filter all products by color - is FAILED
2022-06-03 20:57:15 ERROR Logger1:25 -  on Test Failure
2022-06-03 20:57:15 INFO  Logger1:15 - on Test Start
2022-06-03 20:57:19 INFO  Logger1:44 - SCENARIO : 'filter all products by size' - is started
2022-06-03 20:57:32 INFO  Logger1:16 - user on home page
2022-06-03 20:57:32 INFO  Logger1:12 - notice has accepted
2022-06-03 20:57:35 INFO  Logger1:58 - SCENARIO : search keyword from search field on all catagories page - is over
2022-06-03 20:57:36 INFO  Logger1:20 -  on Test Success
2022-06-03 20:57:36 INFO  Logger1:15 - on Test Start
2022-06-03 20:57:41 INFO  Logger1:44 - SCENARIO : 'search keyword from left-bottom search field on all catagories page' - is started
2022-06-03 20:57:52 INFO  Logger1:16 - user on home page
2022-06-03 20:57:53 INFO  Logger1:12 - notice has accepted
2022-06-03 20:58:10 INFO  Logger1:58 - SCENARIO : search keyword from left-bottom search field on all catagories page - is over
2022-06-03 20:58:11 INFO  Logger1:20 -  on Test Success
2022-06-03 20:58:11 INFO  Logger1:15 - on Test Start
2022-06-03 20:58:18 INFO  Logger1:44 - SCENARIO : 'add same product two times to Comparison List' - is started
2022-06-03 20:58:34 INFO  Logger1:16 - user on home page
2022-06-03 20:58:35 INFO  Logger1:12 - notice has accepted
2022-06-03 20:59:54 INFO  Logger1:58 - SCENARIO : filter all products by size - is over
2022-06-03 20:59:55 INFO  Logger1:20 -  on Test Success
2022-06-03 20:59:55 INFO  Logger1:15 - on Test Start
2022-06-03 20:59:59 INFO  Logger1:44 - SCENARIO : 'filter all products by material' - is started
2022-06-03 21:00:08 INFO  Logger1:58 - SCENARIO : add same product two times to Comparison List - is over
2022-06-03 21:00:11 INFO  Logger1:20 -  on Test Success
2022-06-03 21:00:11 INFO  Logger1:15 - on Test Start
2022-06-03 21:00:12 INFO  Logger1:16 - user on home page
2022-06-03 21:00:14 INFO  Logger1:12 - notice has accepted
2022-06-03 21:00:14 INFO  Logger1:44 - SCENARIO : 'add two products to Comparison List' - is started
2022-06-03 21:00:29 INFO  Logger1:16 - user on home page
2022-06-03 21:00:30 INFO  Logger1:12 - notice has accepted
2022-06-03 21:01:50 INFO  Logger1:58 - SCENARIO : filter all products by material - is over
2022-06-03 21:01:51 INFO  Logger1:20 -  on Test Success
2022-06-03 21:01:51 INFO  Logger1:15 - on Test Start
2022-06-03 21:01:57 INFO  Logger1:44 - SCENARIO : 'filter product by gender' - is started
2022-06-03 21:01:58 INFO  Logger1:58 - SCENARIO : add two products to Comparison List - is over
2022-06-03 21:02:00 INFO  Logger1:20 -  on Test Success
2022-06-03 21:02:00 INFO  Logger1:15 - on Test Start
2022-06-03 21:02:06 INFO  Logger1:44 - SCENARIO : 'remove all products from comparison list' - is started
2022-06-03 21:02:13 INFO  Logger1:16 - user on home page
2022-06-03 21:02:15 INFO  Logger1:12 - notice has accepted
2022-06-03 21:02:27 INFO  Logger1:16 - user on home page
2022-06-03 21:02:28 INFO  Logger1:12 - notice has accepted
2022-06-03 21:05:02 INFO  Logger1:58 - SCENARIO : remove all products from comparison list - is over
2022-06-03 21:05:04 INFO  Logger1:20 -  on Test Success
2022-06-03 21:05:04 INFO  Logger1:15 - on Test Start
2022-06-03 21:05:09 INFO  Logger1:44 - SCENARIO : 'add product to cart from main page' - is started
2022-06-03 21:05:26 INFO  Logger1:16 - user on home page
2022-06-03 21:05:27 INFO  Logger1:12 - notice has accepted
2022-06-03 21:05:52 INFO  Logger1:58 - SCENARIO : filter product by gender - is over
2022-06-03 21:05:54 INFO  Logger1:20 -  on Test Success
2022-06-03 21:05:54 INFO  Logger1:15 - on Test Start
2022-06-03 21:05:57 INFO  Logger1:44 - SCENARIO : 'Display random two product and validate on recently viewed section as a registered user' - is started
2022-06-03 21:06:04 INFO  Logger1:16 - user on home page
2022-06-03 21:06:04 INFO  Logger1:12 - notice has accepted
2022-06-03 21:06:10 INFO  Logger1:21 - user goes to login page
2022-06-03 21:06:11 INFO  Logger1:24 - user writes kursjava@gmail.com
2022-06-03 21:06:11 INFO  Logger1:27 - user writes kurs.java.123
2022-06-03 21:06:14 ERROR Logger1:55 - SCENARIO : add product to cart from main page - is FAILED
2022-06-03 21:06:15 INFO  Logger1:30 - user click submit button
2022-06-03 21:06:16 ERROR Logger1:25 -  on Test Failure
2022-06-03 21:06:16 INFO  Logger1:15 - on Test Start
2022-06-03 21:06:19 INFO  Logger1:44 - SCENARIO : 'add product to cart from all catagoeries' - is started
2022-06-03 21:06:29 INFO  Logger1:16 - user on home page
2022-06-03 21:06:29 INFO  Logger1:12 - notice has accepted
2022-06-03 21:06:59 INFO  Logger1:58 - SCENARIO : Display random two product and validate on recently viewed section as a registered user - is over
2022-06-03 21:07:00 INFO  Logger1:20 -  on Test Success
2022-06-03 21:07:00 INFO  Logger1:73 - Test is Over
2022-06-03 21:07:40 INFO  Logger1:58 - SCENARIO : add product to cart from all catagoeries - is over
2022-06-03 21:07:41 INFO  Logger1:20 -  on Test Success
2022-06-03 21:07:41 INFO  Logger1:15 - on Test Start
2022-06-03 21:07:45 INFO  Logger1:44 - SCENARIO : 'add product to cart from product display page' - is started
2022-06-03 21:07:51 INFO  Logger1:16 - user on home page
2022-06-03 21:07:51 INFO  Logger1:12 - notice has accepted
2022-06-03 21:08:51 INFO  Logger1:58 - SCENARIO : add product to cart from product display page - is over
2022-06-03 21:08:52 INFO  Logger1:20 -  on Test Success
2022-06-03 21:08:52 INFO  Logger1:15 - on Test Start
2022-06-03 21:08:55 INFO  Logger1:44 - SCENARIO : 'update random product's count in main cart' - is started
2022-06-03 21:09:01 INFO  Logger1:16 - user on home page
2022-06-03 21:09:01 INFO  Logger1:12 - notice has accepted
2022-06-03 21:09:45 ERROR Logger1:55 - SCENARIO : update random product's count in main cart - is FAILED
2022-06-03 21:09:46 ERROR Logger1:25 -  on Test Failure
2022-06-03 21:09:46 INFO  Logger1:15 - on Test Start
2022-06-03 21:09:49 INFO  Logger1:44 - SCENARIO : 'remove all product in main cart' - is started
2022-06-03 21:09:57 INFO  Logger1:16 - user on home page
2022-06-03 21:09:57 INFO  Logger1:12 - notice has accepted
2022-06-03 21:11:16 INFO  Logger1:58 - SCENARIO : remove all product in main cart - is over
2022-06-03 21:11:17 INFO  Logger1:20 -  on Test Success
2022-06-03 21:11:17 INFO  Logger1:15 - on Test Start
2022-06-03 21:11:20 INFO  Logger1:44 - SCENARIO : 'purchase product from main cart with logged in user' - is started
2022-06-03 21:11:30 INFO  Logger1:16 - user on home page
2022-06-03 21:11:30 INFO  Logger1:12 - notice has accepted
2022-06-03 21:11:37 INFO  Logger1:21 - user goes to login page
2022-06-03 21:11:37 INFO  Logger1:24 - user writes kursjava@gmail.com
2022-06-03 21:11:38 INFO  Logger1:27 - user writes kurs.java.123
2022-06-03 21:11:41 INFO  Logger1:30 - user click submit button
2022-06-03 21:13:18 INFO  Logger1:58 - SCENARIO : purchase product from main cart with logged in user - is over
2022-06-03 21:13:19 INFO  Logger1:20 -  on Test Success
2022-06-03 21:13:19 INFO  Logger1:15 - on Test Start
2022-06-03 21:13:21 INFO  Logger1:44 - SCENARIO : 'purchase product from mini cart with guest user' - is started
2022-06-03 21:13:29 INFO  Logger1:16 - user on home page
2022-06-03 21:13:29 INFO  Logger1:12 - notice has accepted
2022-06-03 21:14:38 ERROR Logger1:55 - SCENARIO : purchase product from mini cart with guest user - is FAILED
2022-06-03 21:14:39 ERROR Logger1:25 -  on Test Failure
2022-06-03 21:14:39 INFO  Logger1:73 - Test is Over
2022-06-03 21:14:39 INFO  Logger1:40 -  on Finish
2022-06-04 13:27:33 INFO  Logger1:35 -  on Start
2022-06-04 13:27:53 INFO  Logger1:15 - on Test Start
2022-06-04 13:27:54 INFO  Logger1:15 - on Test Start
2022-06-04 13:28:14 INFO  Logger1:20 -  on Test Success
2022-06-04 13:28:18 INFO  Logger1:15 - on Test Start
2022-06-04 13:28:31 INFO  Logger1:20 -  on Test Success
2022-06-04 13:28:38 INFO  Logger1:15 - on Test Start
2022-06-04 13:28:43 INFO  Logger1:20 -  on Test Success
2022-06-04 13:28:48 INFO  Logger1:15 - on Test Start
2022-06-04 13:29:16 INFO  Logger1:20 -  on Test Success
2022-06-04 13:29:19 INFO  Logger1:20 -  on Test Success
2022-06-04 13:29:21 INFO  Logger1:15 - on Test Start
2022-06-04 13:29:26 INFO  Logger1:15 - on Test Start
2022-06-04 13:29:53 ERROR Logger1:25 -  on Test Failure
2022-06-04 13:29:58 INFO  Logger1:15 - on Test Start
2022-06-04 13:30:21 INFO  Logger1:20 -  on Test Success
2022-06-04 13:30:27 INFO  Logger1:15 - on Test Start
2022-06-04 13:30:48 INFO  Logger1:20 -  on Test Success
2022-06-04 13:30:56 INFO  Logger1:15 - on Test Start
2022-06-04 13:31:22 INFO  Logger1:20 -  on Test Success
2022-06-04 13:31:29 INFO  Logger1:15 - on Test Start
2022-06-04 13:31:45 INFO  Logger1:20 -  on Test Success
2022-06-04 13:31:52 INFO  Logger1:15 - on Test Start
2022-06-04 13:32:52 ERROR Logger1:25 -  on Test Failure
2022-06-04 13:32:58 INFO  Logger1:20 -  on Test Success
2022-06-04 13:33:03 INFO  Logger1:15 - on Test Start
2022-06-04 13:33:07 INFO  Logger1:15 - on Test Start
2022-06-04 13:33:28 INFO  Logger1:20 -  on Test Success
2022-06-04 13:33:34 INFO  Logger1:15 - on Test Start
2022-06-04 13:34:20 INFO  Logger1:20 -  on Test Success
2022-06-04 13:34:25 INFO  Logger1:15 - on Test Start
2022-06-04 13:35:23 INFO  Logger1:20 -  on Test Success
2022-06-04 13:35:46 INFO  Logger1:15 - on Test Start
2022-06-04 13:37:23 INFO  Logger1:20 -  on Test Success
2022-06-04 13:37:28 INFO  Logger1:15 - on Test Start
2022-06-04 13:39:12 INFO  Logger1:20 -  on Test Success
2022-06-04 13:39:21 INFO  Logger1:15 - on Test Start
2022-06-04 13:39:45 INFO  Logger1:20 -  on Test Success
2022-06-04 13:39:53 INFO  Logger1:15 - on Test Start
2022-06-04 13:41:02 INFO  Logger1:20 -  on Test Success
2022-06-04 13:41:09 INFO  Logger1:15 - on Test Start
2022-06-04 13:42:49 ERROR Logger1:25 -  on Test Failure
2022-06-04 13:42:56 INFO  Logger1:15 - on Test Start
2022-06-04 13:43:40 INFO  Logger1:20 -  on Test Success
2022-06-04 13:43:46 INFO  Logger1:15 - on Test Start
2022-06-04 13:43:56 ERROR Logger1:25 -  on Test Failure
2022-06-04 13:44:02 INFO  Logger1:15 - on Test Start
2022-06-04 13:44:45 INFO  Logger1:20 -  on Test Success
2022-06-04 13:45:23 INFO  Logger1:20 -  on Test Success
2022-06-04 13:45:27 INFO  Logger1:15 - on Test Start
2022-06-04 13:46:15 ERROR Logger1:25 -  on Test Failure
2022-06-04 13:46:19 INFO  Logger1:15 - on Test Start
2022-06-04 13:47:34 ERROR Logger1:25 -  on Test Failure
2022-06-04 13:47:38 INFO  Logger1:15 - on Test Start
2022-06-04 13:49:21 INFO  Logger1:20 -  on Test Success
2022-06-04 13:49:26 INFO  Logger1:15 - on Test Start
2022-06-04 13:51:08 ERROR Logger1:25 -  on Test Failure
2022-06-04 13:51:13 INFO  Logger1:15 - on Test Start
2022-06-04 13:52:51 ERROR Logger1:25 -  on Test Failure
2022-06-04 13:52:53 INFO  Logger1:40 -  on Finish
2022-06-05 13:11:52 INFO  Logger1:32 - Test Started
2022-06-05 13:12:08 INFO  Logger1:44 - SCENARIO : 'add product to cart from main page' - is started
2022-06-05 13:13:18 INFO  Logger1:58 - SCENARIO : add product to cart from main page - is over
2022-06-05 13:13:22 INFO  Logger1:44 - SCENARIO : 'add product to cart from all catagoeries' - is started
2022-06-05 13:14:42 INFO  Logger1:58 - SCENARIO : add product to cart from all catagoeries - is over
2022-06-05 13:14:46 INFO  Logger1:44 - SCENARIO : 'add product to cart from product display page' - is started
2022-06-05 13:16:22 INFO  Logger1:58 - SCENARIO : add product to cart from product display page - is over
2022-06-05 13:16:27 INFO  Logger1:44 - SCENARIO : 'update random product's count in main cart' - is started
2022-06-05 13:17:24 ERROR Logger1:55 - SCENARIO : update random product's count in main cart - is FAILED
2022-06-05 13:17:28 INFO  Logger1:44 - SCENARIO : 'remove all product in main cart' - is started
2022-06-05 13:19:04 INFO  Logger1:58 - SCENARIO : remove all product in main cart - is over
2022-06-05 13:19:05 INFO  Logger1:73 - Test is Over
2022-06-05 14:05:05 INFO  Logger1:32 - Test Started
2022-06-05 14:05:15 INFO  Logger1:44 - SCENARIO : 'login website' - is started
2022-06-05 14:05:32 INFO  Logger1:58 - SCENARIO : login website - is over
2022-06-05 14:05:33 INFO  Logger1:73 - Test is Over
2022-06-05 14:05:35 ERROR runtime:60 - Error executing FreeMarker template
FreeMarker template error:
Template inclusion failed (for parameter value "partials/exceptıon.ftl"):
Template not found for name "spark/partials/exceptıon.ftl".
The name was interpreted by this TemplateLoader: ClassTemplateLoader(resourceLoaderClass=com.aventstack.extentreports.ExtentReports, basePackagePath="templates/" /* relatively to resourceLoaderClass pkg */).

----
FTL stack trace ("~" means nesting-related):
	- Failed at: #include "partials/${view.toString()}...  [in template "spark/spark.spa.ftl" at line 27, column 36]
----

Java stack trace (for programmers):
----
freemarker.core._MiscTemplateException: [... Exception message was already printed; see it above ...]
	at freemarker.core.Include.accept(Include.java:164)
	at freemarker.core.Environment.visit(Environment.java:370)
	at freemarker.core.IteratorBlock$IterationContext.executedNestedContentForCollOrSeqListing(IteratorBlock.java:321)
	at freemarker.core.IteratorBlock$IterationContext.executeNestedContent(IteratorBlock.java:271)
	at freemarker.core.IteratorBlock$IterationContext.accept(IteratorBlock.java:244)
	at freemarker.core.Environment.visitIteratorBlock(Environment.java:644)
	at freemarker.core.IteratorBlock.acceptWithResult(IteratorBlock.java:108)
	at freemarker.core.IteratorBlock.accept(IteratorBlock.java:94)
	at freemarker.core.Environment.visit(Environment.java:334)
	at freemarker.core.Environment.visit(Environment.java:340)
	at freemarker.core.Environment.process(Environment.java:313)
	at freemarker.template.Template.process(Template.java:383)
	at com.aventstack.extentreports.templating.FreemarkerTemplate.processTemplate(FreemarkerTemplate.java:52)
	at com.aventstack.extentreports.templating.FreemarkerTemplate.getSource(FreemarkerTemplate.java:39)
	at com.aventstack.extentreports.templating.FreemarkerTemplate.writeTemplate(FreemarkerTemplate.java:45)
	at com.aventstack.extentreports.reporter.AbstractFileReporter.processTemplate(AbstractFileReporter.java:74)
	at com.aventstack.extentreports.reporter.ExtentSparkReporter.flush(ExtentSparkReporter.java:149)
	at com.aventstack.extentreports.reporter.ExtentSparkReporter.access$100(ExtentSparkReporter.java:27)
	at com.aventstack.extentreports.reporter.ExtentSparkReporter$1.onNext(ExtentSparkReporter.java:121)
	at com.aventstack.extentreports.reporter.ExtentSparkReporter$1.onNext(ExtentSparkReporter.java:113)
	at io.reactivex.rxjava3.subjects.PublishSubject$PublishDisposable.onNext(PublishSubject.java:310)
	at io.reactivex.rxjava3.subjects.PublishSubject.onNext(PublishSubject.java:226)
	at com.aventstack.extentreports.ReactiveSubject.onFlush(ReactiveSubject.java:83)
	at com.aventstack.extentreports.AbstractProcessor.onFlush(AbstractProcessor.java:85)
	at com.aventstack.extentreports.ExtentReports.flush(ExtentReports.java:279)
	at com.aventstack.extentreports.cucumber.adapter.ExtentCucumberAdapter.finishReport(ExtentCucumberAdapter.java:300)
	at com.aventstack.extentreports.cucumber.adapter.ExtentCucumberAdapter.access$600(ExtentCucumberAdapter.java:62)
	at com.aventstack.extentreports.cucumber.adapter.ExtentCucumberAdapter$8.receive(ExtentCucumberAdapter.java:136)
	at com.aventstack.extentreports.cucumber.adapter.ExtentCucumberAdapter$8.receive(ExtentCucumberAdapter.java:133)
	at io.cucumber.core.eventbus.AbstractEventPublisher.send(AbstractEventPublisher.java:51)
	at io.cucumber.core.eventbus.AbstractEventBus.send(AbstractEventBus.java:12)
	at io.cucumber.core.runtime.SynchronizedEventBus.send(SynchronizedEventBus.java:47)
	at io.cucumber.core.runtime.CucumberExecutionContext.emitTestRunFinished(CucumberExecutionContext.java:111)
	at io.cucumber.core.runtime.CucumberExecutionContext.finishTestRun(CucumberExecutionContext.java:98)
	at io.cucumber.testng.TestNGCucumberRunner.finish(TestNGCucumberRunner.java:145)
	at io.cucumber.testng.AbstractTestNGCucumberTests.tearDownClass(AbstractTestNGCucumberTests.java:57)
	at sun.reflect.NativeMethodAccessorImpl.invoke0(Native Method)
	at sun.reflect.NativeMethodAccessorImpl.invoke(NativeMethodAccessorImpl.java:62)
	at sun.reflect.DelegatingMethodAccessorImpl.invoke(DelegatingMethodAccessorImpl.java:43)
	at java.lang.reflect.Method.invoke(Method.java:498)
	at org.testng.internal.invokers.MethodInvocationHelper.invokeMethod(MethodInvocationHelper.java:135)
	at org.testng.internal.invokers.MethodInvocationHelper.invokeMethodConsideringTimeout(MethodInvocationHelper.java:65)
	at org.testng.internal.invokers.ConfigInvoker.invokeConfigurationMethod(ConfigInvoker.java:381)
	at org.testng.internal.invokers.ConfigInvoker.invokeConfigurations(ConfigInvoker.java:319)
	at org.testng.internal.invokers.TestMethodWorker.invokeAfterClassMethods(TestMethodWorker.java:220)
	at org.testng.internal.invokers.TestMethodWorker.run(TestMethodWorker.java:130)
	at java.util.ArrayList.forEach(ArrayList.java:1259)
	at org.testng.TestRunner.privateRun(TestRunner.java:808)
	at org.testng.TestRunner.run(TestRunner.java:603)
	at org.testng.SuiteRunner.runTest(SuiteRunner.java:429)
	at org.testng.SuiteRunner.runSequentially(SuiteRunner.java:423)
	at org.testng.SuiteRunner.privateRun(SuiteRunner.java:383)
	at org.testng.SuiteRunner.run(SuiteRunner.java:326)
	at org.testng.SuiteRunnerWorker.runSuite(SuiteRunnerWorker.java:52)
	at org.testng.SuiteRunnerWorker.run(SuiteRunnerWorker.java:95)
	at org.testng.TestNG.runSuitesSequentially(TestNG.java:1249)
	at org.testng.TestNG.runSuitesLocally(TestNG.java:1169)
	at org.testng.TestNG.runSuites(TestNG.java:1092)
	at org.testng.TestNG.run(TestNG.java:1060)
	at com.intellij.rt.testng.IDEARemoteTestNG.run(IDEARemoteTestNG.java:66)
	at com.intellij.rt.testng.RemoteTestNGStarter.main(RemoteTestNGStarter.java:109)
Caused by: freemarker.template.TemplateNotFoundException: Template not found for name "spark/partials/exceptıon.ftl".
The name was interpreted by this TemplateLoader: ClassTemplateLoader(resourceLoaderClass=com.aventstack.extentreports.ExtentReports, basePackagePath="templates/" /* relatively to resourceLoaderClass pkg */).
	at freemarker.template.Configuration.getTemplate(Configuration.java:2869)
	at freemarker.core.Environment.getTemplateForInclusion(Environment.java:2883)
	at freemarker.core.Include.accept(Include.java:162)
	... 60 more
2022-06-05 14:08:03 INFO  Logger1:32 - Test Started
2022-06-05 14:09:34 INFO  Logger1:73 - Test is Over
2022-06-05 14:12:34 INFO  Logger1:32 - Test Started
2022-06-05 14:12:48 INFO  Logger1:44 - SCENARIO : 'search keyword from search field on main page' - is started
2022-06-05 14:12:59 INFO  Logger1:58 - SCENARIO : search keyword from search field on main page - is over
2022-06-05 14:13:04 INFO  Logger1:44 - SCENARIO : 'search keyword from search field on all catagories page' - is started
2022-06-05 14:13:26 INFO  Logger1:58 - SCENARIO : search keyword from search field on all catagories page - is over
2022-06-05 14:13:30 INFO  Logger1:44 - SCENARIO : 'search keyword from left-bottom search field on all catagories page' - is started
2022-06-05 14:13:52 INFO  Logger1:58 - SCENARIO : search keyword from left-bottom search field on all catagories page - is over
2022-06-05 14:13:53 INFO  Logger1:73 - Test is Over
2022-06-05 14:13:54 ERROR runtime:60 - Error executing FreeMarker template
FreeMarker template error:
Template inclusion failed (for parameter value "partials/exceptıon.ftl"):
Template not found for name "spark/partials/exceptıon.ftl".
The name was interpreted by this TemplateLoader: ClassTemplateLoader(resourceLoaderClass=com.aventstack.extentreports.ExtentReports, basePackagePath="templates/" /* relatively to resourceLoaderClass pkg */).

----
FTL stack trace ("~" means nesting-related):
	- Failed at: #include "partials/${view.toString()}...  [in template "spark/spark.spa.ftl" at line 27, column 36]
----

Java stack trace (for programmers):
----
freemarker.core._MiscTemplateException: [... Exception message was already printed; see it above ...]
	at freemarker.core.Include.accept(Include.java:164)
	at freemarker.core.Environment.visit(Environment.java:370)
	at freemarker.core.IteratorBlock$IterationContext.executedNestedContentForCollOrSeqListing(IteratorBlock.java:321)
	at freemarker.core.IteratorBlock$IterationContext.executeNestedContent(IteratorBlock.java:271)
	at freemarker.core.IteratorBlock$IterationContext.accept(IteratorBlock.java:244)
	at freemarker.core.Environment.visitIteratorBlock(Environment.java:644)
	at freemarker.core.IteratorBlock.acceptWithResult(IteratorBlock.java:108)
	at freemarker.core.IteratorBlock.accept(IteratorBlock.java:94)
	at freemarker.core.Environment.visit(Environment.java:334)
	at freemarker.core.Environment.visit(Environment.java:340)
	at freemarker.core.Environment.process(Environment.java:313)
	at freemarker.template.Template.process(Template.java:383)
	at com.aventstack.extentreports.templating.FreemarkerTemplate.processTemplate(FreemarkerTemplate.java:52)
	at com.aventstack.extentreports.templating.FreemarkerTemplate.getSource(FreemarkerTemplate.java:39)
	at com.aventstack.extentreports.templating.FreemarkerTemplate.writeTemplate(FreemarkerTemplate.java:45)
	at com.aventstack.extentreports.reporter.AbstractFileReporter.processTemplate(AbstractFileReporter.java:74)
	at com.aventstack.extentreports.reporter.ExtentSparkReporter.flush(ExtentSparkReporter.java:149)
	at com.aventstack.extentreports.reporter.ExtentSparkReporter.access$100(ExtentSparkReporter.java:27)
	at com.aventstack.extentreports.reporter.ExtentSparkReporter$1.onNext(ExtentSparkReporter.java:121)
	at com.aventstack.extentreports.reporter.ExtentSparkReporter$1.onNext(ExtentSparkReporter.java:113)
	at io.reactivex.rxjava3.subjects.PublishSubject$PublishDisposable.onNext(PublishSubject.java:310)
	at io.reactivex.rxjava3.subjects.PublishSubject.onNext(PublishSubject.java:226)
	at com.aventstack.extentreports.ReactiveSubject.onFlush(ReactiveSubject.java:83)
	at com.aventstack.extentreports.AbstractProcessor.onFlush(AbstractProcessor.java:85)
	at com.aventstack.extentreports.ExtentReports.flush(ExtentReports.java:279)
	at com.aventstack.extentreports.cucumber.adapter.ExtentCucumberAdapter.finishReport(ExtentCucumberAdapter.java:300)
	at com.aventstack.extentreports.cucumber.adapter.ExtentCucumberAdapter.access$600(ExtentCucumberAdapter.java:62)
	at com.aventstack.extentreports.cucumber.adapter.ExtentCucumberAdapter$8.receive(ExtentCucumberAdapter.java:136)
	at com.aventstack.extentreports.cucumber.adapter.ExtentCucumberAdapter$8.receive(ExtentCucumberAdapter.java:133)
	at io.cucumber.core.eventbus.AbstractEventPublisher.send(AbstractEventPublisher.java:51)
	at io.cucumber.core.eventbus.AbstractEventBus.send(AbstractEventBus.java:12)
	at io.cucumber.core.runtime.SynchronizedEventBus.send(SynchronizedEventBus.java:47)
	at io.cucumber.core.runtime.CucumberExecutionContext.emitTestRunFinished(CucumberExecutionContext.java:111)
	at io.cucumber.core.runtime.CucumberExecutionContext.finishTestRun(CucumberExecutionContext.java:98)
	at io.cucumber.testng.TestNGCucumberRunner.finish(TestNGCucumberRunner.java:145)
	at io.cucumber.testng.AbstractTestNGCucumberTests.tearDownClass(AbstractTestNGCucumberTests.java:57)
	at sun.reflect.NativeMethodAccessorImpl.invoke0(Native Method)
	at sun.reflect.NativeMethodAccessorImpl.invoke(NativeMethodAccessorImpl.java:62)
	at sun.reflect.DelegatingMethodAccessorImpl.invoke(DelegatingMethodAccessorImpl.java:43)
	at java.lang.reflect.Method.invoke(Method.java:498)
	at org.testng.internal.invokers.MethodInvocationHelper.invokeMethod(MethodInvocationHelper.java:135)
	at org.testng.internal.invokers.MethodInvocationHelper.invokeMethodConsideringTimeout(MethodInvocationHelper.java:65)
	at org.testng.internal.invokers.ConfigInvoker.invokeConfigurationMethod(ConfigInvoker.java:381)
	at org.testng.internal.invokers.ConfigInvoker.invokeConfigurations(ConfigInvoker.java:319)
	at org.testng.internal.invokers.TestMethodWorker.invokeAfterClassMethods(TestMethodWorker.java:220)
	at org.testng.internal.invokers.TestMethodWorker.run(TestMethodWorker.java:130)
	at java.util.ArrayList.forEach(ArrayList.java:1259)
	at org.testng.TestRunner.privateRun(TestRunner.java:808)
	at org.testng.TestRunner.run(TestRunner.java:603)
	at org.testng.SuiteRunner.runTest(SuiteRunner.java:429)
	at org.testng.SuiteRunner.runSequentially(SuiteRunner.java:423)
	at org.testng.SuiteRunner.privateRun(SuiteRunner.java:383)
	at org.testng.SuiteRunner.run(SuiteRunner.java:326)
	at org.testng.SuiteRunnerWorker.runSuite(SuiteRunnerWorker.java:52)
	at org.testng.SuiteRunnerWorker.run(SuiteRunnerWorker.java:95)
	at org.testng.TestNG.runSuitesSequentially(TestNG.java:1249)
	at org.testng.TestNG.runSuitesLocally(TestNG.java:1169)
	at org.testng.TestNG.runSuites(TestNG.java:1092)
	at org.testng.TestNG.run(TestNG.java:1060)
	at com.intellij.rt.testng.IDEARemoteTestNG.run(IDEARemoteTestNG.java:66)
	at com.intellij.rt.testng.RemoteTestNGStarter.main(RemoteTestNGStarter.java:109)
Caused by: freemarker.template.TemplateNotFoundException: Template not found for name "spark/partials/exceptıon.ftl".
The name was interpreted by this TemplateLoader: ClassTemplateLoader(resourceLoaderClass=com.aventstack.extentreports.ExtentReports, basePackagePath="templates/" /* relatively to resourceLoaderClass pkg */).
	at freemarker.template.Configuration.getTemplate(Configuration.java:2869)
	at freemarker.core.Environment.getTemplateForInclusion(Environment.java:2883)
	at freemarker.core.Include.accept(Include.java:162)
	... 60 more
2022-06-05 14:16:21 INFO  Logger1:32 - Test Started
2022-06-05 14:16:29 INFO  Logger1:44 - SCENARIO : 'add product to cart from main page' - is started
2022-06-05 14:17:36 INFO  Logger1:58 - SCENARIO : add product to cart from main page - is over
2022-06-05 14:17:41 INFO  Logger1:44 - SCENARIO : 'add product to cart from all catagoeries' - is started
2022-06-05 14:19:07 INFO  Logger1:58 - SCENARIO : add product to cart from all catagoeries - is over
2022-06-05 14:19:12 INFO  Logger1:44 - SCENARIO : 'add product to cart from product display page' - is started
2022-06-05 14:20:31 INFO  Logger1:58 - SCENARIO : add product to cart from product display page - is over
2022-06-05 14:20:36 INFO  Logger1:44 - SCENARIO : 'update random product's count in main cart' - is started
2022-06-05 14:22:11 ERROR Logger1:55 - SCENARIO : update random product's count in main cart - is FAILED
2022-06-05 14:22:14 INFO  Logger1:44 - SCENARIO : 'remove all product in main cart' - is started
2022-06-05 14:23:42 ERROR Logger1:55 - SCENARIO : remove all product in main cart - is FAILED
2022-06-05 14:23:44 INFO  Logger1:73 - Test is Over
2022-06-05 14:23:45 ERROR runtime:60 - Error executing FreeMarker template
FreeMarker template error:
Template inclusion failed (for parameter value "partials/exceptıon.ftl"):
Template not found for name "spark/partials/exceptıon.ftl".
The name was interpreted by this TemplateLoader: ClassTemplateLoader(resourceLoaderClass=com.aventstack.extentreports.ExtentReports, basePackagePath="templates/" /* relatively to resourceLoaderClass pkg */).

----
FTL stack trace ("~" means nesting-related):
	- Failed at: #include "partials/${view.toString()}...  [in template "spark/spark.spa.ftl" at line 27, column 36]
----

Java stack trace (for programmers):
----
freemarker.core._MiscTemplateException: [... Exception message was already printed; see it above ...]
	at freemarker.core.Include.accept(Include.java:164)
	at freemarker.core.Environment.visit(Environment.java:370)
	at freemarker.core.IteratorBlock$IterationContext.executedNestedContentForCollOrSeqListing(IteratorBlock.java:321)
	at freemarker.core.IteratorBlock$IterationContext.executeNestedContent(IteratorBlock.java:271)
	at freemarker.core.IteratorBlock$IterationContext.accept(IteratorBlock.java:244)
	at freemarker.core.Environment.visitIteratorBlock(Environment.java:644)
	at freemarker.core.IteratorBlock.acceptWithResult(IteratorBlock.java:108)
	at freemarker.core.IteratorBlock.accept(IteratorBlock.java:94)
	at freemarker.core.Environment.visit(Environment.java:334)
	at freemarker.core.Environment.visit(Environment.java:340)
	at freemarker.core.Environment.process(Environment.java:313)
	at freemarker.template.Template.process(Template.java:383)
	at com.aventstack.extentreports.templating.FreemarkerTemplate.processTemplate(FreemarkerTemplate.java:52)
	at com.aventstack.extentreports.templating.FreemarkerTemplate.getSource(FreemarkerTemplate.java:39)
	at com.aventstack.extentreports.templating.FreemarkerTemplate.writeTemplate(FreemarkerTemplate.java:45)
	at com.aventstack.extentreports.reporter.AbstractFileReporter.processTemplate(AbstractFileReporter.java:74)
	at com.aventstack.extentreports.reporter.ExtentSparkReporter.flush(ExtentSparkReporter.java:149)
	at com.aventstack.extentreports.reporter.ExtentSparkReporter.access$100(ExtentSparkReporter.java:27)
	at com.aventstack.extentreports.reporter.ExtentSparkReporter$1.onNext(ExtentSparkReporter.java:121)
	at com.aventstack.extentreports.reporter.ExtentSparkReporter$1.onNext(ExtentSparkReporter.java:113)
	at io.reactivex.rxjava3.subjects.PublishSubject$PublishDisposable.onNext(PublishSubject.java:310)
	at io.reactivex.rxjava3.subjects.PublishSubject.onNext(PublishSubject.java:226)
	at com.aventstack.extentreports.ReactiveSubject.onFlush(ReactiveSubject.java:83)
	at com.aventstack.extentreports.AbstractProcessor.onFlush(AbstractProcessor.java:85)
	at com.aventstack.extentreports.ExtentReports.flush(ExtentReports.java:279)
	at com.aventstack.extentreports.cucumber.adapter.ExtentCucumberAdapter.finishReport(ExtentCucumberAdapter.java:300)
	at com.aventstack.extentreports.cucumber.adapter.ExtentCucumberAdapter.access$600(ExtentCucumberAdapter.java:62)
	at com.aventstack.extentreports.cucumber.adapter.ExtentCucumberAdapter$8.receive(ExtentCucumberAdapter.java:136)
	at com.aventstack.extentreports.cucumber.adapter.ExtentCucumberAdapter$8.receive(ExtentCucumberAdapter.java:133)
	at io.cucumber.core.eventbus.AbstractEventPublisher.send(AbstractEventPublisher.java:51)
	at io.cucumber.core.eventbus.AbstractEventBus.send(AbstractEventBus.java:12)
	at io.cucumber.core.runtime.SynchronizedEventBus.send(SynchronizedEventBus.java:47)
	at io.cucumber.core.runtime.CucumberExecutionContext.emitTestRunFinished(CucumberExecutionContext.java:111)
	at io.cucumber.core.runtime.CucumberExecutionContext.finishTestRun(CucumberExecutionContext.java:98)
	at io.cucumber.testng.TestNGCucumberRunner.finish(TestNGCucumberRunner.java:145)
	at io.cucumber.testng.AbstractTestNGCucumberTests.tearDownClass(AbstractTestNGCucumberTests.java:57)
	at sun.reflect.NativeMethodAccessorImpl.invoke0(Native Method)
	at sun.reflect.NativeMethodAccessorImpl.invoke(NativeMethodAccessorImpl.java:62)
	at sun.reflect.DelegatingMethodAccessorImpl.invoke(DelegatingMethodAccessorImpl.java:43)
	at java.lang.reflect.Method.invoke(Method.java:498)
	at org.testng.internal.invokers.MethodInvocationHelper.invokeMethod(MethodInvocationHelper.java:135)
	at org.testng.internal.invokers.MethodInvocationHelper.invokeMethodConsideringTimeout(MethodInvocationHelper.java:65)
	at org.testng.internal.invokers.ConfigInvoker.invokeConfigurationMethod(ConfigInvoker.java:381)
	at org.testng.internal.invokers.ConfigInvoker.invokeConfigurations(ConfigInvoker.java:319)
	at org.testng.internal.invokers.TestMethodWorker.invokeAfterClassMethods(TestMethodWorker.java:220)
	at org.testng.internal.invokers.TestMethodWorker.run(TestMethodWorker.java:130)
	at java.util.ArrayList.forEach(ArrayList.java:1259)
	at org.testng.TestRunner.privateRun(TestRunner.java:808)
	at org.testng.TestRunner.run(TestRunner.java:603)
	at org.testng.SuiteRunner.runTest(SuiteRunner.java:429)
	at org.testng.SuiteRunner.runSequentially(SuiteRunner.java:423)
	at org.testng.SuiteRunner.privateRun(SuiteRunner.java:383)
	at org.testng.SuiteRunner.run(SuiteRunner.java:326)
	at org.testng.SuiteRunnerWorker.runSuite(SuiteRunnerWorker.java:52)
	at org.testng.SuiteRunnerWorker.run(SuiteRunnerWorker.java:95)
	at org.testng.TestNG.runSuitesSequentially(TestNG.java:1249)
	at org.testng.TestNG.runSuitesLocally(TestNG.java:1169)
	at org.testng.TestNG.runSuites(TestNG.java:1092)
	at org.testng.TestNG.run(TestNG.java:1060)
	at com.intellij.rt.testng.IDEARemoteTestNG.run(IDEARemoteTestNG.java:66)
	at com.intellij.rt.testng.RemoteTestNGStarter.main(RemoteTestNGStarter.java:109)
Caused by: freemarker.template.TemplateNotFoundException: Template not found for name "spark/partials/exceptıon.ftl".
The name was interpreted by this TemplateLoader: ClassTemplateLoader(resourceLoaderClass=com.aventstack.extentreports.ExtentReports, basePackagePath="templates/" /* relatively to resourceLoaderClass pkg */).
	at freemarker.template.Configuration.getTemplate(Configuration.java:2869)
	at freemarker.core.Environment.getTemplateForInclusion(Environment.java:2883)
	at freemarker.core.Include.accept(Include.java:162)
	... 60 more
2022-06-05 14:36:18 INFO  Logger1:32 - Test Started
2022-06-05 14:36:33 INFO  Logger1:44 - SCENARIO : 'add product to cart from main page' - is started
2022-06-05 14:37:54 INFO  Logger1:58 - SCENARIO : add product to cart from main page - is over
2022-06-05 14:37:58 INFO  Logger1:44 - SCENARIO : 'add product to cart from all catagoeries' - is started
2022-06-05 14:39:23 INFO  Logger1:58 - SCENARIO : add product to cart from all catagoeries - is over
2022-06-05 14:39:31 INFO  Logger1:44 - SCENARIO : 'add product to cart from product display page' - is started
2022-06-05 14:41:07 ERROR Logger1:55 - SCENARIO : add product to cart from product display page - is FAILED
2022-06-05 14:41:11 INFO  Logger1:44 - SCENARIO : 'update random product's count in main cart' - is started
2022-06-05 14:42:08 ERROR Logger1:55 - SCENARIO : update random product's count in main cart - is FAILED
2022-06-05 14:42:15 INFO  Logger1:44 - SCENARIO : 'remove all product in main cart' - is started
2022-06-05 14:43:54 INFO  Logger1:58 - SCENARIO : remove all product in main cart - is over
2022-06-05 14:43:56 INFO  Logger1:73 - Test is Over
2022-06-05 14:43:58 ERROR runtime:60 - Error executing FreeMarker template
FreeMarker template error:
Template inclusion failed (for parameter value "partials/exceptıon.ftl"):
Template not found for name "spark/partials/exceptıon.ftl".
The name was interpreted by this TemplateLoader: ClassTemplateLoader(resourceLoaderClass=com.aventstack.extentreports.ExtentReports, basePackagePath="templates/" /* relatively to resourceLoaderClass pkg */).

----
FTL stack trace ("~" means nesting-related):
	- Failed at: #include "partials/${view.toString()}...  [in template "spark/spark.spa.ftl" at line 27, column 36]
----

Java stack trace (for programmers):
----
freemarker.core._MiscTemplateException: [... Exception message was already printed; see it above ...]
	at freemarker.core.Include.accept(Include.java:164)
	at freemarker.core.Environment.visit(Environment.java:370)
	at freemarker.core.IteratorBlock$IterationContext.executedNestedContentForCollOrSeqListing(IteratorBlock.java:321)
	at freemarker.core.IteratorBlock$IterationContext.executeNestedContent(IteratorBlock.java:271)
	at freemarker.core.IteratorBlock$IterationContext.accept(IteratorBlock.java:244)
	at freemarker.core.Environment.visitIteratorBlock(Environment.java:644)
	at freemarker.core.IteratorBlock.acceptWithResult(IteratorBlock.java:108)
	at freemarker.core.IteratorBlock.accept(IteratorBlock.java:94)
	at freemarker.core.Environment.visit(Environment.java:334)
	at freemarker.core.Environment.visit(Environment.java:340)
	at freemarker.core.Environment.process(Environment.java:313)
	at freemarker.template.Template.process(Template.java:383)
	at com.aventstack.extentreports.templating.FreemarkerTemplate.processTemplate(FreemarkerTemplate.java:52)
	at com.aventstack.extentreports.templating.FreemarkerTemplate.getSource(FreemarkerTemplate.java:39)
	at com.aventstack.extentreports.templating.FreemarkerTemplate.writeTemplate(FreemarkerTemplate.java:45)
	at com.aventstack.extentreports.reporter.AbstractFileReporter.processTemplate(AbstractFileReporter.java:74)
	at com.aventstack.extentreports.reporter.ExtentSparkReporter.flush(ExtentSparkReporter.java:149)
	at com.aventstack.extentreports.reporter.ExtentSparkReporter.access$100(ExtentSparkReporter.java:27)
	at com.aventstack.extentreports.reporter.ExtentSparkReporter$1.onNext(ExtentSparkReporter.java:121)
	at com.aventstack.extentreports.reporter.ExtentSparkReporter$1.onNext(ExtentSparkReporter.java:113)
	at io.reactivex.rxjava3.subjects.PublishSubject$PublishDisposable.onNext(PublishSubject.java:310)
	at io.reactivex.rxjava3.subjects.PublishSubject.onNext(PublishSubject.java:226)
	at com.aventstack.extentreports.ReactiveSubject.onFlush(ReactiveSubject.java:83)
	at com.aventstack.extentreports.AbstractProcessor.onFlush(AbstractProcessor.java:85)
	at com.aventstack.extentreports.ExtentReports.flush(ExtentReports.java:279)
	at com.aventstack.extentreports.cucumber.adapter.ExtentCucumberAdapter.finishReport(ExtentCucumberAdapter.java:300)
	at com.aventstack.extentreports.cucumber.adapter.ExtentCucumberAdapter.access$600(ExtentCucumberAdapter.java:62)
	at com.aventstack.extentreports.cucumber.adapter.ExtentCucumberAdapter$8.receive(ExtentCucumberAdapter.java:136)
	at com.aventstack.extentreports.cucumber.adapter.ExtentCucumberAdapter$8.receive(ExtentCucumberAdapter.java:133)
	at io.cucumber.core.eventbus.AbstractEventPublisher.send(AbstractEventPublisher.java:51)
	at io.cucumber.core.eventbus.AbstractEventBus.send(AbstractEventBus.java:12)
	at io.cucumber.core.runtime.SynchronizedEventBus.send(SynchronizedEventBus.java:47)
	at io.cucumber.core.runtime.CucumberExecutionContext.emitTestRunFinished(CucumberExecutionContext.java:111)
	at io.cucumber.core.runtime.CucumberExecutionContext.finishTestRun(CucumberExecutionContext.java:98)
	at io.cucumber.testng.TestNGCucumberRunner.finish(TestNGCucumberRunner.java:145)
	at io.cucumber.testng.AbstractTestNGCucumberTests.tearDownClass(AbstractTestNGCucumberTests.java:57)
	at sun.reflect.NativeMethodAccessorImpl.invoke0(Native Method)
	at sun.reflect.NativeMethodAccessorImpl.invoke(NativeMethodAccessorImpl.java:62)
	at sun.reflect.DelegatingMethodAccessorImpl.invoke(DelegatingMethodAccessorImpl.java:43)
	at java.lang.reflect.Method.invoke(Method.java:498)
	at org.testng.internal.invokers.MethodInvocationHelper.invokeMethod(MethodInvocationHelper.java:135)
	at org.testng.internal.invokers.MethodInvocationHelper.invokeMethodConsideringTimeout(MethodInvocationHelper.java:65)
	at org.testng.internal.invokers.ConfigInvoker.invokeConfigurationMethod(ConfigInvoker.java:381)
	at org.testng.internal.invokers.ConfigInvoker.invokeConfigurations(ConfigInvoker.java:319)
	at org.testng.internal.invokers.TestMethodWorker.invokeAfterClassMethods(TestMethodWorker.java:220)
	at org.testng.internal.invokers.TestMethodWorker.run(TestMethodWorker.java:130)
	at java.util.ArrayList.forEach(ArrayList.java:1259)
	at org.testng.TestRunner.privateRun(TestRunner.java:808)
	at org.testng.TestRunner.run(TestRunner.java:603)
	at org.testng.SuiteRunner.runTest(SuiteRunner.java:429)
	at org.testng.SuiteRunner.runSequentially(SuiteRunner.java:423)
	at org.testng.SuiteRunner.privateRun(SuiteRunner.java:383)
	at org.testng.SuiteRunner.run(SuiteRunner.java:326)
	at org.testng.SuiteRunnerWorker.runSuite(SuiteRunnerWorker.java:52)
	at org.testng.SuiteRunnerWorker.run(SuiteRunnerWorker.java:95)
	at org.testng.TestNG.runSuitesSequentially(TestNG.java:1249)
	at org.testng.TestNG.runSuitesLocally(TestNG.java:1169)
	at org.testng.TestNG.runSuites(TestNG.java:1092)
	at org.testng.TestNG.run(TestNG.java:1060)
	at com.intellij.rt.testng.IDEARemoteTestNG.run(IDEARemoteTestNG.java:66)
	at com.intellij.rt.testng.RemoteTestNGStarter.main(RemoteTestNGStarter.java:109)
Caused by: freemarker.template.TemplateNotFoundException: Template not found for name "spark/partials/exceptıon.ftl".
The name was interpreted by this TemplateLoader: ClassTemplateLoader(resourceLoaderClass=com.aventstack.extentreports.ExtentReports, basePackagePath="templates/" /* relatively to resourceLoaderClass pkg */).
	at freemarker.template.Configuration.getTemplate(Configuration.java:2869)
	at freemarker.core.Environment.getTemplateForInclusion(Environment.java:2883)
	at freemarker.core.Include.accept(Include.java:162)
	... 60 more
2022-06-05 14:56:32 INFO  Logger1:32 - Test Started
2022-06-05 14:56:42 INFO  Logger1:44 - SCENARIO : 'add product to cart from main page' - is started
2022-06-05 14:57:36 INFO  Logger1:58 - SCENARIO : add product to cart from main page - is over
2022-06-05 14:57:40 INFO  Logger1:44 - SCENARIO : 'add product to cart from all catagoeries' - is started
2022-06-05 14:58:50 INFO  Logger1:58 - SCENARIO : add product to cart from all catagoeries - is over
2022-06-05 14:58:55 INFO  Logger1:44 - SCENARIO : 'add product to cart from product display page' - is started
2022-06-05 15:00:12 INFO  Logger1:58 - SCENARIO : add product to cart from product display page - is over
2022-06-05 15:00:17 INFO  Logger1:44 - SCENARIO : 'update random product's count in main cart' - is started
2022-06-05 15:01:39 ERROR Logger1:55 - SCENARIO : update random product's count in main cart - is FAILED
2022-06-05 15:01:43 INFO  Logger1:44 - SCENARIO : 'remove all product in main cart' - is started
2022-06-05 15:03:35 ERROR Logger1:55 - SCENARIO : remove all product in main cart - is FAILED
2022-06-05 15:03:36 INFO  Logger1:73 - Test is Over
2022-06-05 15:03:38 ERROR runtime:60 - Error executing FreeMarker template
FreeMarker template error:
Template inclusion failed (for parameter value "partials/exceptıon.ftl"):
Template not found for name "spark/partials/exceptıon.ftl".
The name was interpreted by this TemplateLoader: ClassTemplateLoader(resourceLoaderClass=com.aventstack.extentreports.ExtentReports, basePackagePath="templates/" /* relatively to resourceLoaderClass pkg */).

----
FTL stack trace ("~" means nesting-related):
	- Failed at: #include "partials/${view.toString()}...  [in template "spark/spark.spa.ftl" at line 27, column 36]
----

Java stack trace (for programmers):
----
freemarker.core._MiscTemplateException: [... Exception message was already printed; see it above ...]
	at freemarker.core.Include.accept(Include.java:164)
	at freemarker.core.Environment.visit(Environment.java:370)
	at freemarker.core.IteratorBlock$IterationContext.executedNestedContentForCollOrSeqListing(IteratorBlock.java:321)
	at freemarker.core.IteratorBlock$IterationContext.executeNestedContent(IteratorBlock.java:271)
	at freemarker.core.IteratorBlock$IterationContext.accept(IteratorBlock.java:244)
	at freemarker.core.Environment.visitIteratorBlock(Environment.java:644)
	at freemarker.core.IteratorBlock.acceptWithResult(IteratorBlock.java:108)
	at freemarker.core.IteratorBlock.accept(IteratorBlock.java:94)
	at freemarker.core.Environment.visit(Environment.java:334)
	at freemarker.core.Environment.visit(Environment.java:340)
	at freemarker.core.Environment.process(Environment.java:313)
	at freemarker.template.Template.process(Template.java:383)
	at com.aventstack.extentreports.templating.FreemarkerTemplate.processTemplate(FreemarkerTemplate.java:52)
	at com.aventstack.extentreports.templating.FreemarkerTemplate.getSource(FreemarkerTemplate.java:39)
	at com.aventstack.extentreports.templating.FreemarkerTemplate.writeTemplate(FreemarkerTemplate.java:45)
	at com.aventstack.extentreports.reporter.AbstractFileReporter.processTemplate(AbstractFileReporter.java:74)
	at com.aventstack.extentreports.reporter.ExtentSparkReporter.flush(ExtentSparkReporter.java:149)
	at com.aventstack.extentreports.reporter.ExtentSparkReporter.access$100(ExtentSparkReporter.java:27)
	at com.aventstack.extentreports.reporter.ExtentSparkReporter$1.onNext(ExtentSparkReporter.java:121)
	at com.aventstack.extentreports.reporter.ExtentSparkReporter$1.onNext(ExtentSparkReporter.java:113)
	at io.reactivex.rxjava3.subjects.PublishSubject$PublishDisposable.onNext(PublishSubject.java:310)
	at io.reactivex.rxjava3.subjects.PublishSubject.onNext(PublishSubject.java:226)
	at com.aventstack.extentreports.ReactiveSubject.onFlush(ReactiveSubject.java:83)
	at com.aventstack.extentreports.AbstractProcessor.onFlush(AbstractProcessor.java:85)
	at com.aventstack.extentreports.ExtentReports.flush(ExtentReports.java:279)
	at com.aventstack.extentreports.cucumber.adapter.ExtentCucumberAdapter.finishReport(ExtentCucumberAdapter.java:300)
	at com.aventstack.extentreports.cucumber.adapter.ExtentCucumberAdapter.access$600(ExtentCucumberAdapter.java:62)
	at com.aventstack.extentreports.cucumber.adapter.ExtentCucumberAdapter$8.receive(ExtentCucumberAdapter.java:136)
	at com.aventstack.extentreports.cucumber.adapter.ExtentCucumberAdapter$8.receive(ExtentCucumberAdapter.java:133)
	at io.cucumber.core.eventbus.AbstractEventPublisher.send(AbstractEventPublisher.java:51)
	at io.cucumber.core.eventbus.AbstractEventBus.send(AbstractEventBus.java:12)
	at io.cucumber.core.runtime.SynchronizedEventBus.send(SynchronizedEventBus.java:47)
	at io.cucumber.core.runtime.CucumberExecutionContext.emitTestRunFinished(CucumberExecutionContext.java:111)
	at io.cucumber.core.runtime.CucumberExecutionContext.finishTestRun(CucumberExecutionContext.java:98)
	at io.cucumber.testng.TestNGCucumberRunner.finish(TestNGCucumberRunner.java:145)
	at io.cucumber.testng.AbstractTestNGCucumberTests.tearDownClass(AbstractTestNGCucumberTests.java:57)
	at sun.reflect.NativeMethodAccessorImpl.invoke0(Native Method)
	at sun.reflect.NativeMethodAccessorImpl.invoke(NativeMethodAccessorImpl.java:62)
	at sun.reflect.DelegatingMethodAccessorImpl.invoke(DelegatingMethodAccessorImpl.java:43)
	at java.lang.reflect.Method.invoke(Method.java:498)
	at org.testng.internal.invokers.MethodInvocationHelper.invokeMethod(MethodInvocationHelper.java:135)
	at org.testng.internal.invokers.MethodInvocationHelper.invokeMethodConsideringTimeout(MethodInvocationHelper.java:65)
	at org.testng.internal.invokers.ConfigInvoker.invokeConfigurationMethod(ConfigInvoker.java:381)
	at org.testng.internal.invokers.ConfigInvoker.invokeConfigurations(ConfigInvoker.java:319)
	at org.testng.internal.invokers.TestMethodWorker.invokeAfterClassMethods(TestMethodWorker.java:220)
	at org.testng.internal.invokers.TestMethodWorker.run(TestMethodWorker.java:130)
	at java.util.ArrayList.forEach(ArrayList.java:1259)
	at org.testng.TestRunner.privateRun(TestRunner.java:808)
	at org.testng.TestRunner.run(TestRunner.java:603)
	at org.testng.SuiteRunner.runTest(SuiteRunner.java:429)
	at org.testng.SuiteRunner.runSequentially(SuiteRunner.java:423)
	at org.testng.SuiteRunner.privateRun(SuiteRunner.java:383)
	at org.testng.SuiteRunner.run(SuiteRunner.java:326)
	at org.testng.SuiteRunnerWorker.runSuite(SuiteRunnerWorker.java:52)
	at org.testng.SuiteRunnerWorker.run(SuiteRunnerWorker.java:95)
	at org.testng.TestNG.runSuitesSequentially(TestNG.java:1249)
	at org.testng.TestNG.runSuitesLocally(TestNG.java:1169)
	at org.testng.TestNG.runSuites(TestNG.java:1092)
	at org.testng.TestNG.run(TestNG.java:1060)
	at com.intellij.rt.testng.IDEARemoteTestNG.run(IDEARemoteTestNG.java:66)
	at com.intellij.rt.testng.RemoteTestNGStarter.main(RemoteTestNGStarter.java:109)
Caused by: freemarker.template.TemplateNotFoundException: Template not found for name "spark/partials/exceptıon.ftl".
The name was interpreted by this TemplateLoader: ClassTemplateLoader(resourceLoaderClass=com.aventstack.extentreports.ExtentReports, basePackagePath="templates/" /* relatively to resourceLoaderClass pkg */).
	at freemarker.template.Configuration.getTemplate(Configuration.java:2869)
	at freemarker.core.Environment.getTemplateForInclusion(Environment.java:2883)
	at freemarker.core.Include.accept(Include.java:162)
	... 60 more
2022-06-05 15:32:07 INFO  Logger1:32 - Test Started
2022-06-05 15:32:19 INFO  Logger1:44 - SCENARIO : 'senaryo1' - is started
2022-06-05 15:32:19 ERROR Logger1:55 - SCENARIO : senaryo1 - is FAILED
2022-06-05 15:32:26 INFO  Logger1:44 - SCENARIO : 'senaryo2' - is started
2022-06-05 15:32:26 ERROR Logger1:55 - SCENARIO : senaryo2 - is FAILED
2022-06-05 15:32:33 INFO  Logger1:44 - SCENARIO : 'senaryo3' - is started
2022-06-05 15:32:33 INFO  Logger1:58 - SCENARIO : senaryo3 - is over
2022-06-05 15:32:34 INFO  Logger1:73 - Test is Over
2022-06-05 15:35:41 INFO  Logger1:32 - Test Started
2022-06-05 15:35:49 INFO  Logger1:44 - SCENARIO : 'senaryo1' - is started
2022-06-05 15:35:49 ERROR Logger1:55 - SCENARIO : senaryo1 - is FAILED
2022-06-05 15:35:53 INFO  Logger1:44 - SCENARIO : 'senaryo2' - is started
2022-06-05 15:35:53 ERROR Logger1:55 - SCENARIO : senaryo2 - is FAILED
2022-06-05 15:35:58 INFO  Logger1:44 - SCENARIO : 'senaryo3' - is started
2022-06-05 15:35:58 INFO  Logger1:58 - SCENARIO : senaryo3 - is over
2022-06-05 15:35:59 INFO  Logger1:73 - Test is Over
2022-06-05 15:37:34 INFO  Logger1:32 - Test Started
2022-06-05 15:37:44 INFO  Logger1:44 - SCENARIO : 'senaryo1' - is started
2022-06-05 15:37:44 ERROR Logger1:55 - SCENARIO : senaryo1 - is FAILED
2022-06-05 15:37:49 INFO  Logger1:44 - SCENARIO : 'senaryo2' - is started
2022-06-05 15:37:49 ERROR Logger1:55 - SCENARIO : senaryo2 - is FAILED
2022-06-05 15:37:53 INFO  Logger1:44 - SCENARIO : 'senaryo3' - is started
2022-06-05 15:37:53 INFO  Logger1:58 - SCENARIO : senaryo3 - is over
2022-06-05 15:37:55 INFO  Logger1:73 - Test is Over
2022-06-05 15:37:57 ERROR runtime:60 - Error executing FreeMarker template
FreeMarker template error:
Template inclusion failed (for parameter value "partials/exceptıon.ftl"):
Template not found for name "spark/partials/exceptıon.ftl".
The name was interpreted by this TemplateLoader: ClassTemplateLoader(resourceLoaderClass=com.aventstack.extentreports.ExtentReports, basePackagePath="templates/" /* relatively to resourceLoaderClass pkg */).

----
FTL stack trace ("~" means nesting-related):
	- Failed at: #include "partials/${view.toString()}...  [in template "spark/spark.spa.ftl" at line 27, column 36]
----

Java stack trace (for programmers):
----
freemarker.core._MiscTemplateException: [... Exception message was already printed; see it above ...]
	at freemarker.core.Include.accept(Include.java:164)
	at freemarker.core.Environment.visit(Environment.java:370)
	at freemarker.core.IteratorBlock$IterationContext.executedNestedContentForCollOrSeqListing(IteratorBlock.java:321)
	at freemarker.core.IteratorBlock$IterationContext.executeNestedContent(IteratorBlock.java:271)
	at freemarker.core.IteratorBlock$IterationContext.accept(IteratorBlock.java:244)
	at freemarker.core.Environment.visitIteratorBlock(Environment.java:644)
	at freemarker.core.IteratorBlock.acceptWithResult(IteratorBlock.java:108)
	at freemarker.core.IteratorBlock.accept(IteratorBlock.java:94)
	at freemarker.core.Environment.visit(Environment.java:334)
	at freemarker.core.Environment.visit(Environment.java:340)
	at freemarker.core.Environment.process(Environment.java:313)
	at freemarker.template.Template.process(Template.java:383)
	at com.aventstack.extentreports.templating.FreemarkerTemplate.processTemplate(FreemarkerTemplate.java:52)
	at com.aventstack.extentreports.templating.FreemarkerTemplate.getSource(FreemarkerTemplate.java:39)
	at com.aventstack.extentreports.templating.FreemarkerTemplate.writeTemplate(FreemarkerTemplate.java:45)
	at com.aventstack.extentreports.reporter.AbstractFileReporter.processTemplate(AbstractFileReporter.java:74)
	at com.aventstack.extentreports.reporter.ExtentSparkReporter.flush(ExtentSparkReporter.java:149)
	at com.aventstack.extentreports.reporter.ExtentSparkReporter.access$100(ExtentSparkReporter.java:27)
	at com.aventstack.extentreports.reporter.ExtentSparkReporter$1.onNext(ExtentSparkReporter.java:121)
	at com.aventstack.extentreports.reporter.ExtentSparkReporter$1.onNext(ExtentSparkReporter.java:113)
	at io.reactivex.rxjava3.subjects.PublishSubject$PublishDisposable.onNext(PublishSubject.java:310)
	at io.reactivex.rxjava3.subjects.PublishSubject.onNext(PublishSubject.java:226)
	at com.aventstack.extentreports.ReactiveSubject.onFlush(ReactiveSubject.java:83)
	at com.aventstack.extentreports.AbstractProcessor.onFlush(AbstractProcessor.java:85)
	at com.aventstack.extentreports.ExtentReports.flush(ExtentReports.java:279)
	at com.aventstack.extentreports.cucumber.adapter.ExtentCucumberAdapter.finishReport(ExtentCucumberAdapter.java:300)
	at com.aventstack.extentreports.cucumber.adapter.ExtentCucumberAdapter.access$600(ExtentCucumberAdapter.java:62)
	at com.aventstack.extentreports.cucumber.adapter.ExtentCucumberAdapter$8.receive(ExtentCucumberAdapter.java:136)
	at com.aventstack.extentreports.cucumber.adapter.ExtentCucumberAdapter$8.receive(ExtentCucumberAdapter.java:133)
	at io.cucumber.core.eventbus.AbstractEventPublisher.send(AbstractEventPublisher.java:51)
	at io.cucumber.core.eventbus.AbstractEventBus.send(AbstractEventBus.java:12)
	at io.cucumber.core.runtime.SynchronizedEventBus.send(SynchronizedEventBus.java:47)
	at io.cucumber.core.runtime.CucumberExecutionContext.emitTestRunFinished(CucumberExecutionContext.java:111)
	at io.cucumber.core.runtime.CucumberExecutionContext.finishTestRun(CucumberExecutionContext.java:98)
	at io.cucumber.testng.TestNGCucumberRunner.finish(TestNGCucumberRunner.java:145)
	at io.cucumber.testng.AbstractTestNGCucumberTests.tearDownClass(AbstractTestNGCucumberTests.java:57)
	at sun.reflect.NativeMethodAccessorImpl.invoke0(Native Method)
	at sun.reflect.NativeMethodAccessorImpl.invoke(NativeMethodAccessorImpl.java:62)
	at sun.reflect.DelegatingMethodAccessorImpl.invoke(DelegatingMethodAccessorImpl.java:43)
	at java.lang.reflect.Method.invoke(Method.java:498)
	at org.testng.internal.invokers.MethodInvocationHelper.invokeMethod(MethodInvocationHelper.java:135)
	at org.testng.internal.invokers.MethodInvocationHelper.invokeMethodConsideringTimeout(MethodInvocationHelper.java:65)
	at org.testng.internal.invokers.ConfigInvoker.invokeConfigurationMethod(ConfigInvoker.java:381)
	at org.testng.internal.invokers.ConfigInvoker.invokeConfigurations(ConfigInvoker.java:319)
	at org.testng.internal.invokers.TestMethodWorker.invokeAfterClassMethods(TestMethodWorker.java:220)
	at org.testng.internal.invokers.TestMethodWorker.run(TestMethodWorker.java:130)
	at java.util.ArrayList.forEach(ArrayList.java:1259)
	at org.testng.TestRunner.privateRun(TestRunner.java:808)
	at org.testng.TestRunner.run(TestRunner.java:603)
	at org.testng.SuiteRunner.runTest(SuiteRunner.java:429)
	at org.testng.SuiteRunner.runSequentially(SuiteRunner.java:423)
	at org.testng.SuiteRunner.privateRun(SuiteRunner.java:383)
	at org.testng.SuiteRunner.run(SuiteRunner.java:326)
	at org.testng.SuiteRunnerWorker.runSuite(SuiteRunnerWorker.java:52)
	at org.testng.SuiteRunnerWorker.run(SuiteRunnerWorker.java:95)
	at org.testng.TestNG.runSuitesSequentially(TestNG.java:1249)
	at org.testng.TestNG.runSuitesLocally(TestNG.java:1169)
	at org.testng.TestNG.runSuites(TestNG.java:1092)
	at org.testng.TestNG.run(TestNG.java:1060)
	at com.intellij.rt.testng.IDEARemoteTestNG.run(IDEARemoteTestNG.java:66)
	at com.intellij.rt.testng.RemoteTestNGStarter.main(RemoteTestNGStarter.java:109)
Caused by: freemarker.template.TemplateNotFoundException: Template not found for name "spark/partials/exceptıon.ftl".
The name was interpreted by this TemplateLoader: ClassTemplateLoader(resourceLoaderClass=com.aventstack.extentreports.ExtentReports, basePackagePath="templates/" /* relatively to resourceLoaderClass pkg */).
	at freemarker.template.Configuration.getTemplate(Configuration.java:2869)
	at freemarker.core.Environment.getTemplateForInclusion(Environment.java:2883)
	at freemarker.core.Include.accept(Include.java:162)
	... 60 more
2022-06-05 15:38:57 INFO  Logger1:32 - Test Started
2022-06-05 15:39:08 INFO  Logger1:44 - SCENARIO : 'senaryo1' - is started
2022-06-05 15:39:08 ERROR Logger1:55 - SCENARIO : senaryo1 - is FAILED
2022-06-05 15:39:15 INFO  Logger1:44 - SCENARIO : 'senaryo2' - is started
2022-06-05 15:39:15 ERROR Logger1:55 - SCENARIO : senaryo2 - is FAILED
2022-06-05 15:39:22 INFO  Logger1:44 - SCENARIO : 'senaryo3' - is started
2022-06-05 15:39:22 INFO  Logger1:58 - SCENARIO : senaryo3 - is over
2022-06-05 15:39:24 INFO  Logger1:73 - Test is Over
2022-06-05 15:39:26 ERROR runtime:60 - Error executing FreeMarker template
FreeMarker template error:
Template inclusion failed (for parameter value "partials/exceptıon.ftl"):
Template not found for name "spark/partials/exceptıon.ftl".
The name was interpreted by this TemplateLoader: ClassTemplateLoader(resourceLoaderClass=com.aventstack.extentreports.ExtentReports, basePackagePath="templates/" /* relatively to resourceLoaderClass pkg */).

----
FTL stack trace ("~" means nesting-related):
	- Failed at: #include "partials/${view.toString()}...  [in template "spark/spark.spa.ftl" at line 27, column 36]
----

Java stack trace (for programmers):
----
freemarker.core._MiscTemplateException: [... Exception message was already printed; see it above ...]
	at freemarker.core.Include.accept(Include.java:164)
	at freemarker.core.Environment.visit(Environment.java:370)
	at freemarker.core.IteratorBlock$IterationContext.executedNestedContentForCollOrSeqListing(IteratorBlock.java:321)
	at freemarker.core.IteratorBlock$IterationContext.executeNestedContent(IteratorBlock.java:271)
	at freemarker.core.IteratorBlock$IterationContext.accept(IteratorBlock.java:244)
	at freemarker.core.Environment.visitIteratorBlock(Environment.java:644)
	at freemarker.core.IteratorBlock.acceptWithResult(IteratorBlock.java:108)
	at freemarker.core.IteratorBlock.accept(IteratorBlock.java:94)
	at freemarker.core.Environment.visit(Environment.java:334)
	at freemarker.core.Environment.visit(Environment.java:340)
	at freemarker.core.Environment.process(Environment.java:313)
	at freemarker.template.Template.process(Template.java:383)
	at com.aventstack.extentreports.templating.FreemarkerTemplate.processTemplate(FreemarkerTemplate.java:52)
	at com.aventstack.extentreports.templating.FreemarkerTemplate.getSource(FreemarkerTemplate.java:39)
	at com.aventstack.extentreports.templating.FreemarkerTemplate.writeTemplate(FreemarkerTemplate.java:45)
	at com.aventstack.extentreports.reporter.AbstractFileReporter.processTemplate(AbstractFileReporter.java:74)
	at com.aventstack.extentreports.reporter.ExtentSparkReporter.flush(ExtentSparkReporter.java:149)
	at com.aventstack.extentreports.reporter.ExtentSparkReporter.access$100(ExtentSparkReporter.java:27)
	at com.aventstack.extentreports.reporter.ExtentSparkReporter$1.onNext(ExtentSparkReporter.java:121)
	at com.aventstack.extentreports.reporter.ExtentSparkReporter$1.onNext(ExtentSparkReporter.java:113)
	at io.reactivex.rxjava3.subjects.PublishSubject$PublishDisposable.onNext(PublishSubject.java:310)
	at io.reactivex.rxjava3.subjects.PublishSubject.onNext(PublishSubject.java:226)
	at com.aventstack.extentreports.ReactiveSubject.onFlush(ReactiveSubject.java:83)
	at com.aventstack.extentreports.AbstractProcessor.onFlush(AbstractProcessor.java:85)
	at com.aventstack.extentreports.ExtentReports.flush(ExtentReports.java:279)
	at com.aventstack.extentreports.cucumber.adapter.ExtentCucumberAdapter.finishReport(ExtentCucumberAdapter.java:300)
	at com.aventstack.extentreports.cucumber.adapter.ExtentCucumberAdapter.access$600(ExtentCucumberAdapter.java:62)
	at com.aventstack.extentreports.cucumber.adapter.ExtentCucumberAdapter$8.receive(ExtentCucumberAdapter.java:136)
	at com.aventstack.extentreports.cucumber.adapter.ExtentCucumberAdapter$8.receive(ExtentCucumberAdapter.java:133)
	at io.cucumber.core.eventbus.AbstractEventPublisher.send(AbstractEventPublisher.java:51)
	at io.cucumber.core.eventbus.AbstractEventBus.send(AbstractEventBus.java:12)
	at io.cucumber.core.runtime.SynchronizedEventBus.send(SynchronizedEventBus.java:47)
	at io.cucumber.core.runtime.CucumberExecutionContext.emitTestRunFinished(CucumberExecutionContext.java:111)
	at io.cucumber.core.runtime.CucumberExecutionContext.finishTestRun(CucumberExecutionContext.java:98)
	at io.cucumber.testng.TestNGCucumberRunner.finish(TestNGCucumberRunner.java:145)
	at io.cucumber.testng.AbstractTestNGCucumberTests.tearDownClass(AbstractTestNGCucumberTests.java:57)
	at sun.reflect.NativeMethodAccessorImpl.invoke0(Native Method)
	at sun.reflect.NativeMethodAccessorImpl.invoke(NativeMethodAccessorImpl.java:62)
	at sun.reflect.DelegatingMethodAccessorImpl.invoke(DelegatingMethodAccessorImpl.java:43)
	at java.lang.reflect.Method.invoke(Method.java:498)
	at org.testng.internal.invokers.MethodInvocationHelper.invokeMethod(MethodInvocationHelper.java:135)
	at org.testng.internal.invokers.MethodInvocationHelper.invokeMethodConsideringTimeout(MethodInvocationHelper.java:65)
	at org.testng.internal.invokers.ConfigInvoker.invokeConfigurationMethod(ConfigInvoker.java:381)
	at org.testng.internal.invokers.ConfigInvoker.invokeConfigurations(ConfigInvoker.java:319)
	at org.testng.internal.invokers.TestMethodWorker.invokeAfterClassMethods(TestMethodWorker.java:220)
	at org.testng.internal.invokers.TestMethodWorker.run(TestMethodWorker.java:130)
	at java.util.ArrayList.forEach(ArrayList.java:1259)
	at org.testng.TestRunner.privateRun(TestRunner.java:808)
	at org.testng.TestRunner.run(TestRunner.java:603)
	at org.testng.SuiteRunner.runTest(SuiteRunner.java:429)
	at org.testng.SuiteRunner.runSequentially(SuiteRunner.java:423)
	at org.testng.SuiteRunner.privateRun(SuiteRunner.java:383)
	at org.testng.SuiteRunner.run(SuiteRunner.java:326)
	at org.testng.SuiteRunnerWorker.runSuite(SuiteRunnerWorker.java:52)
	at org.testng.SuiteRunnerWorker.run(SuiteRunnerWorker.java:95)
	at org.testng.TestNG.runSuitesSequentially(TestNG.java:1249)
	at org.testng.TestNG.runSuitesLocally(TestNG.java:1169)
	at org.testng.TestNG.runSuites(TestNG.java:1092)
	at org.testng.TestNG.run(TestNG.java:1060)
	at com.intellij.rt.testng.IDEARemoteTestNG.run(IDEARemoteTestNG.java:66)
	at com.intellij.rt.testng.RemoteTestNGStarter.main(RemoteTestNGStarter.java:109)
Caused by: freemarker.template.TemplateNotFoundException: Template not found for name "spark/partials/exceptıon.ftl".
The name was interpreted by this TemplateLoader: ClassTemplateLoader(resourceLoaderClass=com.aventstack.extentreports.ExtentReports, basePackagePath="templates/" /* relatively to resourceLoaderClass pkg */).
	at freemarker.template.Configuration.getTemplate(Configuration.java:2869)
	at freemarker.core.Environment.getTemplateForInclusion(Environment.java:2883)
	at freemarker.core.Include.accept(Include.java:162)
	... 60 more
2022-06-05 15:43:41 INFO  Logger1:32 - Test Started
2022-06-05 15:43:51 INFO  Logger1:44 - SCENARIO : 'senaryo1' - is started
2022-06-05 15:43:51 ERROR Logger1:55 - SCENARIO : senaryo1 - is FAILED
2022-06-05 15:43:57 INFO  Logger1:44 - SCENARIO : 'senaryo2' - is started
2022-06-05 15:43:57 ERROR Logger1:55 - SCENARIO : senaryo2 - is FAILED
2022-06-05 15:44:03 INFO  Logger1:44 - SCENARIO : 'senaryo3' - is started
2022-06-05 15:44:03 INFO  Logger1:58 - SCENARIO : senaryo3 - is over
2022-06-05 15:44:04 INFO  Logger1:73 - Test is Over
2022-06-05 15:44:08 ERROR runtime:60 - Error executing FreeMarker template
FreeMarker template error:
Template inclusion failed (for parameter value "partials/exceptıon.ftl"):
Template not found for name "spark/partials/exceptıon.ftl".
The name was interpreted by this TemplateLoader: ClassTemplateLoader(resourceLoaderClass=com.aventstack.extentreports.ExtentReports, basePackagePath="templates/" /* relatively to resourceLoaderClass pkg */).

----
FTL stack trace ("~" means nesting-related):
	- Failed at: #include "partials/${view.toString()}...  [in template "spark/spark.spa.ftl" at line 27, column 36]
----

Java stack trace (for programmers):
----
freemarker.core._MiscTemplateException: [... Exception message was already printed; see it above ...]
	at freemarker.core.Include.accept(Include.java:164)
	at freemarker.core.Environment.visit(Environment.java:370)
	at freemarker.core.IteratorBlock$IterationContext.executedNestedContentForCollOrSeqListing(IteratorBlock.java:321)
	at freemarker.core.IteratorBlock$IterationContext.executeNestedContent(IteratorBlock.java:271)
	at freemarker.core.IteratorBlock$IterationContext.accept(IteratorBlock.java:244)
	at freemarker.core.Environment.visitIteratorBlock(Environment.java:644)
	at freemarker.core.IteratorBlock.acceptWithResult(IteratorBlock.java:108)
	at freemarker.core.IteratorBlock.accept(IteratorBlock.java:94)
	at freemarker.core.Environment.visit(Environment.java:334)
	at freemarker.core.Environment.visit(Environment.java:340)
	at freemarker.core.Environment.process(Environment.java:313)
	at freemarker.template.Template.process(Template.java:383)
	at com.aventstack.extentreports.templating.FreemarkerTemplate.processTemplate(FreemarkerTemplate.java:52)
	at com.aventstack.extentreports.templating.FreemarkerTemplate.getSource(FreemarkerTemplate.java:39)
	at com.aventstack.extentreports.templating.FreemarkerTemplate.writeTemplate(FreemarkerTemplate.java:45)
	at com.aventstack.extentreports.reporter.AbstractFileReporter.processTemplate(AbstractFileReporter.java:74)
	at com.aventstack.extentreports.reporter.ExtentSparkReporter.flush(ExtentSparkReporter.java:149)
	at com.aventstack.extentreports.reporter.ExtentSparkReporter.access$100(ExtentSparkReporter.java:27)
	at com.aventstack.extentreports.reporter.ExtentSparkReporter$1.onNext(ExtentSparkReporter.java:121)
	at com.aventstack.extentreports.reporter.ExtentSparkReporter$1.onNext(ExtentSparkReporter.java:113)
	at io.reactivex.rxjava3.subjects.PublishSubject$PublishDisposable.onNext(PublishSubject.java:310)
	at io.reactivex.rxjava3.subjects.PublishSubject.onNext(PublishSubject.java:226)
	at com.aventstack.extentreports.ReactiveSubject.onFlush(ReactiveSubject.java:83)
	at com.aventstack.extentreports.AbstractProcessor.onFlush(AbstractProcessor.java:85)
	at com.aventstack.extentreports.ExtentReports.flush(ExtentReports.java:279)
	at com.aventstack.extentreports.cucumber.adapter.ExtentCucumberAdapter.finishReport(ExtentCucumberAdapter.java:300)
	at com.aventstack.extentreports.cucumber.adapter.ExtentCucumberAdapter.access$600(ExtentCucumberAdapter.java:62)
	at com.aventstack.extentreports.cucumber.adapter.ExtentCucumberAdapter$8.receive(ExtentCucumberAdapter.java:136)
	at com.aventstack.extentreports.cucumber.adapter.ExtentCucumberAdapter$8.receive(ExtentCucumberAdapter.java:133)
	at io.cucumber.core.eventbus.AbstractEventPublisher.send(AbstractEventPublisher.java:51)
	at io.cucumber.core.eventbus.AbstractEventBus.send(AbstractEventBus.java:12)
	at io.cucumber.core.runtime.SynchronizedEventBus.send(SynchronizedEventBus.java:47)
	at io.cucumber.core.runtime.CucumberExecutionContext.emitTestRunFinished(CucumberExecutionContext.java:111)
	at io.cucumber.core.runtime.CucumberExecutionContext.finishTestRun(CucumberExecutionContext.java:98)
	at io.cucumber.testng.TestNGCucumberRunner.finish(TestNGCucumberRunner.java:145)
	at io.cucumber.testng.AbstractTestNGCucumberTests.tearDownClass(AbstractTestNGCucumberTests.java:57)
	at sun.reflect.NativeMethodAccessorImpl.invoke0(Native Method)
	at sun.reflect.NativeMethodAccessorImpl.invoke(NativeMethodAccessorImpl.java:62)
	at sun.reflect.DelegatingMethodAccessorImpl.invoke(DelegatingMethodAccessorImpl.java:43)
	at java.lang.reflect.Method.invoke(Method.java:498)
	at org.testng.internal.invokers.MethodInvocationHelper.invokeMethod(MethodInvocationHelper.java:135)
	at org.testng.internal.invokers.MethodInvocationHelper.invokeMethodConsideringTimeout(MethodInvocationHelper.java:65)
	at org.testng.internal.invokers.ConfigInvoker.invokeConfigurationMethod(ConfigInvoker.java:381)
	at org.testng.internal.invokers.ConfigInvoker.invokeConfigurations(ConfigInvoker.java:319)
	at org.testng.internal.invokers.TestMethodWorker.invokeAfterClassMethods(TestMethodWorker.java:220)
	at org.testng.internal.invokers.TestMethodWorker.run(TestMethodWorker.java:130)
	at java.util.ArrayList.forEach(ArrayList.java:1259)
	at org.testng.TestRunner.privateRun(TestRunner.java:808)
	at org.testng.TestRunner.run(TestRunner.java:603)
	at org.testng.SuiteRunner.runTest(SuiteRunner.java:429)
	at org.testng.SuiteRunner.runSequentially(SuiteRunner.java:423)
	at org.testng.SuiteRunner.privateRun(SuiteRunner.java:383)
	at org.testng.SuiteRunner.run(SuiteRunner.java:326)
	at org.testng.SuiteRunnerWorker.runSuite(SuiteRunnerWorker.java:52)
	at org.testng.SuiteRunnerWorker.run(SuiteRunnerWorker.java:95)
	at org.testng.TestNG.runSuitesSequentially(TestNG.java:1249)
	at org.testng.TestNG.runSuitesLocally(TestNG.java:1169)
	at org.testng.TestNG.runSuites(TestNG.java:1092)
	at org.testng.TestNG.run(TestNG.java:1060)
	at com.intellij.rt.testng.IDEARemoteTestNG.run(IDEARemoteTestNG.java:66)
	at com.intellij.rt.testng.RemoteTestNGStarter.main(RemoteTestNGStarter.java:109)
Caused by: freemarker.template.TemplateNotFoundException: Template not found for name "spark/partials/exceptıon.ftl".
The name was interpreted by this TemplateLoader: ClassTemplateLoader(resourceLoaderClass=com.aventstack.extentreports.ExtentReports, basePackagePath="templates/" /* relatively to resourceLoaderClass pkg */).
	at freemarker.template.Configuration.getTemplate(Configuration.java:2869)
	at freemarker.core.Environment.getTemplateForInclusion(Environment.java:2883)
	at freemarker.core.Include.accept(Include.java:162)
	... 60 more
2022-06-05 17:04:18 INFO  Logger1:32 - Test Started
2022-06-05 17:04:27 INFO  Logger1:44 - SCENARIO : 'senaryo1' - is started
2022-06-05 17:04:27 ERROR Logger1:55 - SCENARIO : senaryo1 - is FAILED
2022-06-05 17:04:31 INFO  Logger1:44 - SCENARIO : 'senaryo2' - is started
2022-06-05 17:04:31 ERROR Logger1:55 - SCENARIO : senaryo2 - is FAILED
2022-06-05 17:04:37 INFO  Logger1:44 - SCENARIO : 'senaryo3' - is started
2022-06-05 17:04:37 INFO  Logger1:58 - SCENARIO : senaryo3 - is over
2022-06-05 17:04:38 INFO  Logger1:73 - Test is Over
2022-06-05 17:04:40 ERROR runtime:60 - Error executing FreeMarker template
FreeMarker template error:
Template inclusion failed (for parameter value "partials/exceptıon.ftl"):
Template not found for name "spark/partials/exceptıon.ftl".
The name was interpreted by this TemplateLoader: ClassTemplateLoader(resourceLoaderClass=com.aventstack.extentreports.ExtentReports, basePackagePath="templates/" /* relatively to resourceLoaderClass pkg */).

----
FTL stack trace ("~" means nesting-related):
	- Failed at: #include "partials/${view.toString()}...  [in template "spark/spark.spa.ftl" at line 27, column 36]
----

Java stack trace (for programmers):
----
freemarker.core._MiscTemplateException: [... Exception message was already printed; see it above ...]
	at freemarker.core.Include.accept(Include.java:164)
	at freemarker.core.Environment.visit(Environment.java:370)
	at freemarker.core.IteratorBlock$IterationContext.executedNestedContentForCollOrSeqListing(IteratorBlock.java:321)
	at freemarker.core.IteratorBlock$IterationContext.executeNestedContent(IteratorBlock.java:271)
	at freemarker.core.IteratorBlock$IterationContext.accept(IteratorBlock.java:244)
	at freemarker.core.Environment.visitIteratorBlock(Environment.java:644)
	at freemarker.core.IteratorBlock.acceptWithResult(IteratorBlock.java:108)
	at freemarker.core.IteratorBlock.accept(IteratorBlock.java:94)
	at freemarker.core.Environment.visit(Environment.java:334)
	at freemarker.core.Environment.visit(Environment.java:340)
	at freemarker.core.Environment.process(Environment.java:313)
	at freemarker.template.Template.process(Template.java:383)
	at com.aventstack.extentreports.templating.FreemarkerTemplate.processTemplate(FreemarkerTemplate.java:52)
	at com.aventstack.extentreports.templating.FreemarkerTemplate.getSource(FreemarkerTemplate.java:39)
	at com.aventstack.extentreports.templating.FreemarkerTemplate.writeTemplate(FreemarkerTemplate.java:45)
	at com.aventstack.extentreports.reporter.AbstractFileReporter.processTemplate(AbstractFileReporter.java:74)
	at com.aventstack.extentreports.reporter.ExtentSparkReporter.flush(ExtentSparkReporter.java:149)
	at com.aventstack.extentreports.reporter.ExtentSparkReporter.access$100(ExtentSparkReporter.java:27)
	at com.aventstack.extentreports.reporter.ExtentSparkReporter$1.onNext(ExtentSparkReporter.java:121)
	at com.aventstack.extentreports.reporter.ExtentSparkReporter$1.onNext(ExtentSparkReporter.java:113)
	at io.reactivex.rxjava3.subjects.PublishSubject$PublishDisposable.onNext(PublishSubject.java:310)
	at io.reactivex.rxjava3.subjects.PublishSubject.onNext(PublishSubject.java:226)
	at com.aventstack.extentreports.ReactiveSubject.onFlush(ReactiveSubject.java:83)
	at com.aventstack.extentreports.AbstractProcessor.onFlush(AbstractProcessor.java:85)
	at com.aventstack.extentreports.ExtentReports.flush(ExtentReports.java:279)
	at com.aventstack.extentreports.cucumber.adapter.ExtentCucumberAdapter.finishReport(ExtentCucumberAdapter.java:300)
	at com.aventstack.extentreports.cucumber.adapter.ExtentCucumberAdapter.access$600(ExtentCucumberAdapter.java:62)
	at com.aventstack.extentreports.cucumber.adapter.ExtentCucumberAdapter$8.receive(ExtentCucumberAdapter.java:136)
	at com.aventstack.extentreports.cucumber.adapter.ExtentCucumberAdapter$8.receive(ExtentCucumberAdapter.java:133)
	at io.cucumber.core.eventbus.AbstractEventPublisher.send(AbstractEventPublisher.java:51)
	at io.cucumber.core.eventbus.AbstractEventBus.send(AbstractEventBus.java:12)
	at io.cucumber.core.runtime.SynchronizedEventBus.send(SynchronizedEventBus.java:47)
	at io.cucumber.core.runtime.CucumberExecutionContext.emitTestRunFinished(CucumberExecutionContext.java:111)
	at io.cucumber.core.runtime.CucumberExecutionContext.finishTestRun(CucumberExecutionContext.java:98)
	at io.cucumber.testng.TestNGCucumberRunner.finish(TestNGCucumberRunner.java:145)
	at io.cucumber.testng.AbstractTestNGCucumberTests.tearDownClass(AbstractTestNGCucumberTests.java:57)
	at sun.reflect.NativeMethodAccessorImpl.invoke0(Native Method)
	at sun.reflect.NativeMethodAccessorImpl.invoke(NativeMethodAccessorImpl.java:62)
	at sun.reflect.DelegatingMethodAccessorImpl.invoke(DelegatingMethodAccessorImpl.java:43)
	at java.lang.reflect.Method.invoke(Method.java:498)
	at org.testng.internal.invokers.MethodInvocationHelper.invokeMethod(MethodInvocationHelper.java:135)
	at org.testng.internal.invokers.MethodInvocationHelper.invokeMethodConsideringTimeout(MethodInvocationHelper.java:65)
	at org.testng.internal.invokers.ConfigInvoker.invokeConfigurationMethod(ConfigInvoker.java:381)
	at org.testng.internal.invokers.ConfigInvoker.invokeConfigurations(ConfigInvoker.java:319)
	at org.testng.internal.invokers.TestMethodWorker.invokeAfterClassMethods(TestMethodWorker.java:220)
	at org.testng.internal.invokers.TestMethodWorker.run(TestMethodWorker.java:130)
	at java.util.ArrayList.forEach(ArrayList.java:1259)
	at org.testng.TestRunner.privateRun(TestRunner.java:808)
	at org.testng.TestRunner.run(TestRunner.java:603)
	at org.testng.SuiteRunner.runTest(SuiteRunner.java:429)
	at org.testng.SuiteRunner.runSequentially(SuiteRunner.java:423)
	at org.testng.SuiteRunner.privateRun(SuiteRunner.java:383)
	at org.testng.SuiteRunner.run(SuiteRunner.java:326)
	at org.testng.SuiteRunnerWorker.runSuite(SuiteRunnerWorker.java:52)
	at org.testng.SuiteRunnerWorker.run(SuiteRunnerWorker.java:95)
	at org.testng.TestNG.runSuitesSequentially(TestNG.java:1249)
	at org.testng.TestNG.runSuitesLocally(TestNG.java:1169)
	at org.testng.TestNG.runSuites(TestNG.java:1092)
	at org.testng.TestNG.run(TestNG.java:1060)
	at com.intellij.rt.testng.IDEARemoteTestNG.run(IDEARemoteTestNG.java:66)
	at com.intellij.rt.testng.RemoteTestNGStarter.main(RemoteTestNGStarter.java:109)
Caused by: freemarker.template.TemplateNotFoundException: Template not found for name "spark/partials/exceptıon.ftl".
The name was interpreted by this TemplateLoader: ClassTemplateLoader(resourceLoaderClass=com.aventstack.extentreports.ExtentReports, basePackagePath="templates/" /* relatively to resourceLoaderClass pkg */).
	at freemarker.template.Configuration.getTemplate(Configuration.java:2869)
	at freemarker.core.Environment.getTemplateForInclusion(Environment.java:2883)
	at freemarker.core.Include.accept(Include.java:162)
	... 60 more
2022-06-05 17:14:31 INFO  Logger1:32 - Test Started
2022-06-05 17:14:42 INFO  Logger1:44 - SCENARIO : 'senaryo1' - is started
2022-06-05 17:14:42 ERROR Logger1:55 - SCENARIO : senaryo1 - is FAILED
2022-06-05 17:14:55 INFO  Logger1:44 - SCENARIO : 'senaryo2' - is started
2022-06-05 17:14:55 ERROR Logger1:55 - SCENARIO : senaryo2 - is FAILED
2022-06-05 17:15:02 INFO  Logger1:44 - SCENARIO : 'senaryo3' - is started
2022-06-05 17:15:02 INFO  Logger1:58 - SCENARIO : senaryo3 - is over
2022-06-05 17:15:04 INFO  Logger1:73 - Test is Over
2022-06-05 17:15:06 ERROR runtime:60 - Error executing FreeMarker template
FreeMarker template error:
Template inclusion failed (for parameter value "partials/exceptıon.ftl"):
Template not found for name "spark/partials/exceptıon.ftl".
The name was interpreted by this TemplateLoader: ClassTemplateLoader(resourceLoaderClass=com.aventstack.extentreports.ExtentReports, basePackagePath="templates/" /* relatively to resourceLoaderClass pkg */).

----
FTL stack trace ("~" means nesting-related):
	- Failed at: #include "partials/${view.toString()}...  [in template "spark/spark.spa.ftl" at line 27, column 36]
----

Java stack trace (for programmers):
----
freemarker.core._MiscTemplateException: [... Exception message was already printed; see it above ...]
	at freemarker.core.Include.accept(Include.java:164)
	at freemarker.core.Environment.visit(Environment.java:370)
	at freemarker.core.IteratorBlock$IterationContext.executedNestedContentForCollOrSeqListing(IteratorBlock.java:321)
	at freemarker.core.IteratorBlock$IterationContext.executeNestedContent(IteratorBlock.java:271)
	at freemarker.core.IteratorBlock$IterationContext.accept(IteratorBlock.java:244)
	at freemarker.core.Environment.visitIteratorBlock(Environment.java:644)
	at freemarker.core.IteratorBlock.acceptWithResult(IteratorBlock.java:108)
	at freemarker.core.IteratorBlock.accept(IteratorBlock.java:94)
	at freemarker.core.Environment.visit(Environment.java:334)
	at freemarker.core.Environment.visit(Environment.java:340)
	at freemarker.core.Environment.process(Environment.java:313)
	at freemarker.template.Template.process(Template.java:383)
	at com.aventstack.extentreports.templating.FreemarkerTemplate.processTemplate(FreemarkerTemplate.java:52)
	at com.aventstack.extentreports.templating.FreemarkerTemplate.getSource(FreemarkerTemplate.java:39)
	at com.aventstack.extentreports.templating.FreemarkerTemplate.writeTemplate(FreemarkerTemplate.java:45)
	at com.aventstack.extentreports.reporter.AbstractFileReporter.processTemplate(AbstractFileReporter.java:74)
	at com.aventstack.extentreports.reporter.ExtentSparkReporter.flush(ExtentSparkReporter.java:149)
	at com.aventstack.extentreports.reporter.ExtentSparkReporter.access$100(ExtentSparkReporter.java:27)
	at com.aventstack.extentreports.reporter.ExtentSparkReporter$1.onNext(ExtentSparkReporter.java:121)
	at com.aventstack.extentreports.reporter.ExtentSparkReporter$1.onNext(ExtentSparkReporter.java:113)
	at io.reactivex.rxjava3.subjects.PublishSubject$PublishDisposable.onNext(PublishSubject.java:310)
	at io.reactivex.rxjava3.subjects.PublishSubject.onNext(PublishSubject.java:226)
	at com.aventstack.extentreports.ReactiveSubject.onFlush(ReactiveSubject.java:83)
	at com.aventstack.extentreports.AbstractProcessor.onFlush(AbstractProcessor.java:85)
	at com.aventstack.extentreports.ExtentReports.flush(ExtentReports.java:279)
	at com.aventstack.extentreports.cucumber.adapter.ExtentCucumberAdapter.finishReport(ExtentCucumberAdapter.java:300)
	at com.aventstack.extentreports.cucumber.adapter.ExtentCucumberAdapter.access$600(ExtentCucumberAdapter.java:62)
	at com.aventstack.extentreports.cucumber.adapter.ExtentCucumberAdapter$8.receive(ExtentCucumberAdapter.java:136)
	at com.aventstack.extentreports.cucumber.adapter.ExtentCucumberAdapter$8.receive(ExtentCucumberAdapter.java:133)
	at io.cucumber.core.eventbus.AbstractEventPublisher.send(AbstractEventPublisher.java:51)
	at io.cucumber.core.eventbus.AbstractEventBus.send(AbstractEventBus.java:12)
	at io.cucumber.core.runtime.SynchronizedEventBus.send(SynchronizedEventBus.java:47)
	at io.cucumber.core.runtime.CucumberExecutionContext.emitTestRunFinished(CucumberExecutionContext.java:111)
	at io.cucumber.core.runtime.CucumberExecutionContext.finishTestRun(CucumberExecutionContext.java:98)
	at io.cucumber.testng.TestNGCucumberRunner.finish(TestNGCucumberRunner.java:145)
	at io.cucumber.testng.AbstractTestNGCucumberTests.tearDownClass(AbstractTestNGCucumberTests.java:57)
	at sun.reflect.NativeMethodAccessorImpl.invoke0(Native Method)
	at sun.reflect.NativeMethodAccessorImpl.invoke(NativeMethodAccessorImpl.java:62)
	at sun.reflect.DelegatingMethodAccessorImpl.invoke(DelegatingMethodAccessorImpl.java:43)
	at java.lang.reflect.Method.invoke(Method.java:498)
	at org.testng.internal.invokers.MethodInvocationHelper.invokeMethod(MethodInvocationHelper.java:135)
	at org.testng.internal.invokers.MethodInvocationHelper.invokeMethodConsideringTimeout(MethodInvocationHelper.java:65)
	at org.testng.internal.invokers.ConfigInvoker.invokeConfigurationMethod(ConfigInvoker.java:381)
	at org.testng.internal.invokers.ConfigInvoker.invokeConfigurations(ConfigInvoker.java:319)
	at org.testng.internal.invokers.TestMethodWorker.invokeAfterClassMethods(TestMethodWorker.java:220)
	at org.testng.internal.invokers.TestMethodWorker.run(TestMethodWorker.java:130)
	at java.util.ArrayList.forEach(ArrayList.java:1259)
	at org.testng.TestRunner.privateRun(TestRunner.java:808)
	at org.testng.TestRunner.run(TestRunner.java:603)
	at org.testng.SuiteRunner.runTest(SuiteRunner.java:429)
	at org.testng.SuiteRunner.runSequentially(SuiteRunner.java:423)
	at org.testng.SuiteRunner.privateRun(SuiteRunner.java:383)
	at org.testng.SuiteRunner.run(SuiteRunner.java:326)
	at org.testng.SuiteRunnerWorker.runSuite(SuiteRunnerWorker.java:52)
	at org.testng.SuiteRunnerWorker.run(SuiteRunnerWorker.java:95)
	at org.testng.TestNG.runSuitesSequentially(TestNG.java:1249)
	at org.testng.TestNG.runSuitesLocally(TestNG.java:1169)
	at org.testng.TestNG.runSuites(TestNG.java:1092)
	at org.testng.TestNG.run(TestNG.java:1060)
	at com.intellij.rt.testng.IDEARemoteTestNG.run(IDEARemoteTestNG.java:66)
	at com.intellij.rt.testng.RemoteTestNGStarter.main(RemoteTestNGStarter.java:109)
Caused by: freemarker.template.TemplateNotFoundException: Template not found for name "spark/partials/exceptıon.ftl".
The name was interpreted by this TemplateLoader: ClassTemplateLoader(resourceLoaderClass=com.aventstack.extentreports.ExtentReports, basePackagePath="templates/" /* relatively to resourceLoaderClass pkg */).
	at freemarker.template.Configuration.getTemplate(Configuration.java:2869)
	at freemarker.core.Environment.getTemplateForInclusion(Environment.java:2883)
	at freemarker.core.Include.accept(Include.java:162)
	... 60 more
2022-06-05 17:26:38 INFO  Logger1:32 - Test Started
2022-06-05 17:26:48 INFO  Logger1:44 - SCENARIO : 'senaryo1' - is started
2022-06-05 17:26:48 ERROR Logger1:55 - SCENARIO : senaryo1 - is FAILED
2022-06-05 17:26:53 INFO  Logger1:44 - SCENARIO : 'senaryo2' - is started
2022-06-05 17:26:53 ERROR Logger1:55 - SCENARIO : senaryo2 - is FAILED
2022-06-05 17:26:59 INFO  Logger1:44 - SCENARIO : 'senaryo3' - is started
2022-06-05 17:26:59 INFO  Logger1:58 - SCENARIO : senaryo3 - is over
2022-06-05 17:27:00 INFO  Logger1:73 - Test is Over
2022-06-05 17:27:01 ERROR runtime:60 - Error executing FreeMarker template
FreeMarker template error:
Template inclusion failed (for parameter value "partials/exceptıon.ftl"):
Template not found for name "spark/partials/exceptıon.ftl".
The name was interpreted by this TemplateLoader: ClassTemplateLoader(resourceLoaderClass=com.aventstack.extentreports.ExtentReports, basePackagePath="templates/" /* relatively to resourceLoaderClass pkg */).

----
FTL stack trace ("~" means nesting-related):
	- Failed at: #include "partials/${view.toString()}...  [in template "spark/spark.spa.ftl" at line 27, column 36]
----

Java stack trace (for programmers):
----
freemarker.core._MiscTemplateException: [... Exception message was already printed; see it above ...]
	at freemarker.core.Include.accept(Include.java:164)
	at freemarker.core.Environment.visit(Environment.java:370)
	at freemarker.core.IteratorBlock$IterationContext.executedNestedContentForCollOrSeqListing(IteratorBlock.java:321)
	at freemarker.core.IteratorBlock$IterationContext.executeNestedContent(IteratorBlock.java:271)
	at freemarker.core.IteratorBlock$IterationContext.accept(IteratorBlock.java:244)
	at freemarker.core.Environment.visitIteratorBlock(Environment.java:644)
	at freemarker.core.IteratorBlock.acceptWithResult(IteratorBlock.java:108)
	at freemarker.core.IteratorBlock.accept(IteratorBlock.java:94)
	at freemarker.core.Environment.visit(Environment.java:334)
	at freemarker.core.Environment.visit(Environment.java:340)
	at freemarker.core.Environment.process(Environment.java:313)
	at freemarker.template.Template.process(Template.java:383)
	at com.aventstack.extentreports.templating.FreemarkerTemplate.processTemplate(FreemarkerTemplate.java:52)
	at com.aventstack.extentreports.templating.FreemarkerTemplate.getSource(FreemarkerTemplate.java:39)
	at com.aventstack.extentreports.templating.FreemarkerTemplate.writeTemplate(FreemarkerTemplate.java:45)
	at com.aventstack.extentreports.reporter.AbstractFileReporter.processTemplate(AbstractFileReporter.java:74)
	at com.aventstack.extentreports.reporter.ExtentSparkReporter.flush(ExtentSparkReporter.java:149)
	at com.aventstack.extentreports.reporter.ExtentSparkReporter.access$100(ExtentSparkReporter.java:27)
	at com.aventstack.extentreports.reporter.ExtentSparkReporter$1.onNext(ExtentSparkReporter.java:121)
	at com.aventstack.extentreports.reporter.ExtentSparkReporter$1.onNext(ExtentSparkReporter.java:113)
	at io.reactivex.rxjava3.subjects.PublishSubject$PublishDisposable.onNext(PublishSubject.java:310)
	at io.reactivex.rxjava3.subjects.PublishSubject.onNext(PublishSubject.java:226)
	at com.aventstack.extentreports.ReactiveSubject.onFlush(ReactiveSubject.java:83)
	at com.aventstack.extentreports.AbstractProcessor.onFlush(AbstractProcessor.java:85)
	at com.aventstack.extentreports.ExtentReports.flush(ExtentReports.java:279)
	at com.aventstack.extentreports.cucumber.adapter.ExtentCucumberAdapter.finishReport(ExtentCucumberAdapter.java:300)
	at com.aventstack.extentreports.cucumber.adapter.ExtentCucumberAdapter.access$600(ExtentCucumberAdapter.java:62)
	at com.aventstack.extentreports.cucumber.adapter.ExtentCucumberAdapter$8.receive(ExtentCucumberAdapter.java:136)
	at com.aventstack.extentreports.cucumber.adapter.ExtentCucumberAdapter$8.receive(ExtentCucumberAdapter.java:133)
	at io.cucumber.core.eventbus.AbstractEventPublisher.send(AbstractEventPublisher.java:51)
	at io.cucumber.core.eventbus.AbstractEventBus.send(AbstractEventBus.java:12)
	at io.cucumber.core.runtime.SynchronizedEventBus.send(SynchronizedEventBus.java:47)
	at io.cucumber.core.runtime.CucumberExecutionContext.emitTestRunFinished(CucumberExecutionContext.java:111)
	at io.cucumber.core.runtime.CucumberExecutionContext.finishTestRun(CucumberExecutionContext.java:98)
	at io.cucumber.testng.TestNGCucumberRunner.finish(TestNGCucumberRunner.java:145)
	at io.cucumber.testng.AbstractTestNGCucumberTests.tearDownClass(AbstractTestNGCucumberTests.java:57)
	at sun.reflect.NativeMethodAccessorImpl.invoke0(Native Method)
	at sun.reflect.NativeMethodAccessorImpl.invoke(NativeMethodAccessorImpl.java:62)
	at sun.reflect.DelegatingMethodAccessorImpl.invoke(DelegatingMethodAccessorImpl.java:43)
	at java.lang.reflect.Method.invoke(Method.java:498)
	at org.testng.internal.invokers.MethodInvocationHelper.invokeMethod(MethodInvocationHelper.java:135)
	at org.testng.internal.invokers.MethodInvocationHelper.invokeMethodConsideringTimeout(MethodInvocationHelper.java:65)
	at org.testng.internal.invokers.ConfigInvoker.invokeConfigurationMethod(ConfigInvoker.java:381)
	at org.testng.internal.invokers.ConfigInvoker.invokeConfigurations(ConfigInvoker.java:319)
	at org.testng.internal.invokers.TestMethodWorker.invokeAfterClassMethods(TestMethodWorker.java:220)
	at org.testng.internal.invokers.TestMethodWorker.run(TestMethodWorker.java:130)
	at java.util.ArrayList.forEach(ArrayList.java:1259)
	at org.testng.TestRunner.privateRun(TestRunner.java:808)
	at org.testng.TestRunner.run(TestRunner.java:603)
	at org.testng.SuiteRunner.runTest(SuiteRunner.java:429)
	at org.testng.SuiteRunner.runSequentially(SuiteRunner.java:423)
	at org.testng.SuiteRunner.privateRun(SuiteRunner.java:383)
	at org.testng.SuiteRunner.run(SuiteRunner.java:326)
	at org.testng.SuiteRunnerWorker.runSuite(SuiteRunnerWorker.java:52)
	at org.testng.SuiteRunnerWorker.run(SuiteRunnerWorker.java:95)
	at org.testng.TestNG.runSuitesSequentially(TestNG.java:1249)
	at org.testng.TestNG.runSuitesLocally(TestNG.java:1169)
	at org.testng.TestNG.runSuites(TestNG.java:1092)
	at org.testng.TestNG.run(TestNG.java:1060)
	at com.intellij.rt.testng.IDEARemoteTestNG.run(IDEARemoteTestNG.java:66)
	at com.intellij.rt.testng.RemoteTestNGStarter.main(RemoteTestNGStarter.java:109)
Caused by: freemarker.template.TemplateNotFoundException: Template not found for name "spark/partials/exceptıon.ftl".
The name was interpreted by this TemplateLoader: ClassTemplateLoader(resourceLoaderClass=com.aventstack.extentreports.ExtentReports, basePackagePath="templates/" /* relatively to resourceLoaderClass pkg */).
	at freemarker.template.Configuration.getTemplate(Configuration.java:2869)
	at freemarker.core.Environment.getTemplateForInclusion(Environment.java:2883)
	at freemarker.core.Include.accept(Include.java:162)
	... 60 more
2022-06-05 17:38:45 ERROR runtime:60 - Error executing FreeMarker template
FreeMarker template error:
Template inclusion failed (for parameter value "partials/exceptıon.ftl"):
Template not found for name "spark/partials/exceptıon.ftl".
The name was interpreted by this TemplateLoader: ClassTemplateLoader(resourceLoaderClass=com.aventstack.extentreports.ExtentReports, basePackagePath="templates/" /* relatively to resourceLoaderClass pkg */).

----
FTL stack trace ("~" means nesting-related):
	- Failed at: #include "partials/${view.toString()}...  [in template "spark/spark.spa.ftl" at line 27, column 36]
----

Java stack trace (for programmers):
----
freemarker.core._MiscTemplateException: [... Exception message was already printed; see it above ...]
	at freemarker.core.Include.accept(Include.java:164)
	at freemarker.core.Environment.visit(Environment.java:370)
	at freemarker.core.IteratorBlock$IterationContext.executedNestedContentForCollOrSeqListing(IteratorBlock.java:321)
	at freemarker.core.IteratorBlock$IterationContext.executeNestedContent(IteratorBlock.java:271)
	at freemarker.core.IteratorBlock$IterationContext.accept(IteratorBlock.java:244)
	at freemarker.core.Environment.visitIteratorBlock(Environment.java:644)
	at freemarker.core.IteratorBlock.acceptWithResult(IteratorBlock.java:108)
	at freemarker.core.IteratorBlock.accept(IteratorBlock.java:94)
	at freemarker.core.Environment.visit(Environment.java:334)
	at freemarker.core.Environment.visit(Environment.java:340)
	at freemarker.core.Environment.process(Environment.java:313)
	at freemarker.template.Template.process(Template.java:383)
	at com.aventstack.extentreports.templating.FreemarkerTemplate.processTemplate(FreemarkerTemplate.java:52)
	at com.aventstack.extentreports.templating.FreemarkerTemplate.getSource(FreemarkerTemplate.java:39)
	at com.aventstack.extentreports.templating.FreemarkerTemplate.writeTemplate(FreemarkerTemplate.java:45)
	at com.aventstack.extentreports.reporter.AbstractFileReporter.processTemplate(AbstractFileReporter.java:74)
	at com.aventstack.extentreports.reporter.ExtentSparkReporter.flush(ExtentSparkReporter.java:149)
	at com.aventstack.extentreports.reporter.ExtentSparkReporter.access$100(ExtentSparkReporter.java:27)
	at com.aventstack.extentreports.reporter.ExtentSparkReporter$1.onNext(ExtentSparkReporter.java:121)
	at com.aventstack.extentreports.reporter.ExtentSparkReporter$1.onNext(ExtentSparkReporter.java:113)
	at io.reactivex.rxjava3.subjects.PublishSubject$PublishDisposable.onNext(PublishSubject.java:310)
	at io.reactivex.rxjava3.subjects.PublishSubject.onNext(PublishSubject.java:226)
	at com.aventstack.extentreports.ReactiveSubject.onFlush(ReactiveSubject.java:83)
	at com.aventstack.extentreports.AbstractProcessor.onFlush(AbstractProcessor.java:85)
	at com.aventstack.extentreports.ExtentReports.flush(ExtentReports.java:279)
	at com.extentreports.tests.ExtentReportsFive.extentTest(ExtentReportsFive.java:42)
	at sun.reflect.NativeMethodAccessorImpl.invoke0(Native Method)
	at sun.reflect.NativeMethodAccessorImpl.invoke(NativeMethodAccessorImpl.java:62)
	at sun.reflect.DelegatingMethodAccessorImpl.invoke(DelegatingMethodAccessorImpl.java:43)
	at java.lang.reflect.Method.invoke(Method.java:498)
	at org.testng.internal.invokers.MethodInvocationHelper.invokeMethod(MethodInvocationHelper.java:135)
	at org.testng.internal.invokers.TestInvoker.invokeMethod(TestInvoker.java:673)
	at org.testng.internal.invokers.TestInvoker.invokeTestMethod(TestInvoker.java:220)
	at org.testng.internal.invokers.MethodRunner.runInSequence(MethodRunner.java:50)
	at org.testng.internal.invokers.TestInvoker$MethodInvocationAgent.invoke(TestInvoker.java:945)
	at org.testng.internal.invokers.TestInvoker.invokeTestMethods(TestInvoker.java:193)
	at org.testng.internal.invokers.TestMethodWorker.invokeTestMethods(TestMethodWorker.java:146)
	at org.testng.internal.invokers.TestMethodWorker.run(TestMethodWorker.java:128)
	at java.util.ArrayList.forEach(ArrayList.java:1259)
	at org.testng.TestRunner.privateRun(TestRunner.java:808)
	at org.testng.TestRunner.run(TestRunner.java:603)
	at org.testng.SuiteRunner.runTest(SuiteRunner.java:429)
	at org.testng.SuiteRunner.runSequentially(SuiteRunner.java:423)
	at org.testng.SuiteRunner.privateRun(SuiteRunner.java:383)
	at org.testng.SuiteRunner.run(SuiteRunner.java:326)
	at org.testng.SuiteRunnerWorker.runSuite(SuiteRunnerWorker.java:52)
	at org.testng.SuiteRunnerWorker.run(SuiteRunnerWorker.java:95)
	at org.testng.TestNG.runSuitesSequentially(TestNG.java:1249)
	at org.testng.TestNG.runSuitesLocally(TestNG.java:1169)
	at org.testng.TestNG.runSuites(TestNG.java:1092)
	at org.testng.TestNG.run(TestNG.java:1060)
	at com.intellij.rt.testng.IDEARemoteTestNG.run(IDEARemoteTestNG.java:66)
	at com.intellij.rt.testng.RemoteTestNGStarter.main(RemoteTestNGStarter.java:109)
Caused by: freemarker.template.TemplateNotFoundException: Template not found for name "spark/partials/exceptıon.ftl".
The name was interpreted by this TemplateLoader: ClassTemplateLoader(resourceLoaderClass=com.aventstack.extentreports.ExtentReports, basePackagePath="templates/" /* relatively to resourceLoaderClass pkg */).
	at freemarker.template.Configuration.getTemplate(Configuration.java:2869)
	at freemarker.core.Environment.getTemplateForInclusion(Environment.java:2883)
	at freemarker.core.Include.accept(Include.java:162)
	... 52 more
2022-06-05 17:48:52 INFO  Logger1:32 - Test Started
2022-06-05 17:49:01 INFO  Logger1:44 - SCENARIO : 'senaryo1' - is started
2022-06-05 17:49:01 ERROR Logger1:55 - SCENARIO : senaryo1 - is FAILED
2022-06-05 17:49:06 INFO  Logger1:44 - SCENARIO : 'senaryo2' - is started
2022-06-05 17:49:06 ERROR Logger1:55 - SCENARIO : senaryo2 - is FAILED
2022-06-05 17:49:10 INFO  Logger1:44 - SCENARIO : 'senaryo3' - is started
2022-06-05 17:49:10 INFO  Logger1:58 - SCENARIO : senaryo3 - is over
2022-06-05 17:49:11 INFO  Logger1:73 - Test is Over
2022-06-05 17:49:12 ERROR runtime:60 - Error executing FreeMarker template
FreeMarker template error:
Template inclusion failed (for parameter value "partials/exceptıon.ftl"):
Template not found for name "spark/partials/exceptıon.ftl".
The name was interpreted by this TemplateLoader: ClassTemplateLoader(resourceLoaderClass=com.aventstack.extentreports.ExtentReports, basePackagePath="templates/" /* relatively to resourceLoaderClass pkg */).

----
FTL stack trace ("~" means nesting-related):
	- Failed at: #include "partials/${view.toString()}...  [in template "spark/spark.spa.ftl" at line 27, column 36]
----

Java stack trace (for programmers):
----
freemarker.core._MiscTemplateException: [... Exception message was already printed; see it above ...]
	at freemarker.core.Include.accept(Include.java:164)
	at freemarker.core.Environment.visit(Environment.java:383)
	at freemarker.core.IteratorBlock$IterationContext.executedNestedContentForCollOrSeqListing(IteratorBlock.java:321)
	at freemarker.core.IteratorBlock$IterationContext.executeNestedContent(IteratorBlock.java:271)
	at freemarker.core.IteratorBlock$IterationContext.accept(IteratorBlock.java:244)
	at freemarker.core.Environment.visitIteratorBlock(Environment.java:657)
	at freemarker.core.IteratorBlock.acceptWithResult(IteratorBlock.java:108)
	at freemarker.core.IteratorBlock.accept(IteratorBlock.java:94)
	at freemarker.core.Environment.visit(Environment.java:347)
	at freemarker.core.Environment.visit(Environment.java:353)
	at freemarker.core.Environment.process(Environment.java:326)
	at freemarker.template.Template.process(Template.java:383)
	at com.aventstack.extentreports.templating.FreemarkerTemplate.processTemplate(FreemarkerTemplate.java:52)
	at com.aventstack.extentreports.templating.FreemarkerTemplate.getSource(FreemarkerTemplate.java:39)
	at com.aventstack.extentreports.templating.FreemarkerTemplate.writeTemplate(FreemarkerTemplate.java:45)
	at com.aventstack.extentreports.reporter.AbstractFileReporter.processTemplate(AbstractFileReporter.java:74)
	at com.aventstack.extentreports.reporter.ExtentSparkReporter.flush(ExtentSparkReporter.java:149)
	at com.aventstack.extentreports.reporter.ExtentSparkReporter.access$100(ExtentSparkReporter.java:27)
	at com.aventstack.extentreports.reporter.ExtentSparkReporter$1.onNext(ExtentSparkReporter.java:121)
	at com.aventstack.extentreports.reporter.ExtentSparkReporter$1.onNext(ExtentSparkReporter.java:113)
	at io.reactivex.rxjava3.subjects.PublishSubject$PublishDisposable.onNext(PublishSubject.java:310)
	at io.reactivex.rxjava3.subjects.PublishSubject.onNext(PublishSubject.java:226)
	at com.aventstack.extentreports.ReactiveSubject.onFlush(ReactiveSubject.java:83)
	at com.aventstack.extentreports.AbstractProcessor.onFlush(AbstractProcessor.java:85)
	at com.aventstack.extentreports.ExtentReports.flush(ExtentReports.java:279)
	at com.aventstack.extentreports.cucumber.adapter.ExtentCucumberAdapter.finishReport(ExtentCucumberAdapter.java:300)
	at com.aventstack.extentreports.cucumber.adapter.ExtentCucumberAdapter.access$600(ExtentCucumberAdapter.java:62)
	at com.aventstack.extentreports.cucumber.adapter.ExtentCucumberAdapter$8.receive(ExtentCucumberAdapter.java:136)
	at com.aventstack.extentreports.cucumber.adapter.ExtentCucumberAdapter$8.receive(ExtentCucumberAdapter.java:133)
	at io.cucumber.core.eventbus.AbstractEventPublisher.send(AbstractEventPublisher.java:51)
	at io.cucumber.core.eventbus.AbstractEventBus.send(AbstractEventBus.java:12)
	at io.cucumber.core.runtime.SynchronizedEventBus.send(SynchronizedEventBus.java:47)
	at io.cucumber.core.runtime.CucumberExecutionContext.emitTestRunFinished(CucumberExecutionContext.java:111)
	at io.cucumber.core.runtime.CucumberExecutionContext.finishTestRun(CucumberExecutionContext.java:98)
	at io.cucumber.testng.TestNGCucumberRunner.finish(TestNGCucumberRunner.java:145)
	at io.cucumber.testng.AbstractTestNGCucumberTests.tearDownClass(AbstractTestNGCucumberTests.java:57)
	at sun.reflect.NativeMethodAccessorImpl.invoke0(Native Method)
	at sun.reflect.NativeMethodAccessorImpl.invoke(NativeMethodAccessorImpl.java:62)
	at sun.reflect.DelegatingMethodAccessorImpl.invoke(DelegatingMethodAccessorImpl.java:43)
	at java.lang.reflect.Method.invoke(Method.java:498)
	at org.testng.internal.invokers.MethodInvocationHelper.invokeMethod(MethodInvocationHelper.java:135)
	at org.testng.internal.invokers.MethodInvocationHelper.invokeMethodConsideringTimeout(MethodInvocationHelper.java:65)
	at org.testng.internal.invokers.ConfigInvoker.invokeConfigurationMethod(ConfigInvoker.java:381)
	at org.testng.internal.invokers.ConfigInvoker.invokeConfigurations(ConfigInvoker.java:319)
	at org.testng.internal.invokers.TestMethodWorker.invokeAfterClassMethods(TestMethodWorker.java:220)
	at org.testng.internal.invokers.TestMethodWorker.run(TestMethodWorker.java:130)
	at java.util.ArrayList.forEach(ArrayList.java:1259)
	at org.testng.TestRunner.privateRun(TestRunner.java:808)
	at org.testng.TestRunner.run(TestRunner.java:603)
	at org.testng.SuiteRunner.runTest(SuiteRunner.java:429)
	at org.testng.SuiteRunner.runSequentially(SuiteRunner.java:423)
	at org.testng.SuiteRunner.privateRun(SuiteRunner.java:383)
	at org.testng.SuiteRunner.run(SuiteRunner.java:326)
	at org.testng.SuiteRunnerWorker.runSuite(SuiteRunnerWorker.java:52)
	at org.testng.SuiteRunnerWorker.run(SuiteRunnerWorker.java:95)
	at org.testng.TestNG.runSuitesSequentially(TestNG.java:1249)
	at org.testng.TestNG.runSuitesLocally(TestNG.java:1169)
	at org.testng.TestNG.runSuites(TestNG.java:1092)
	at org.testng.TestNG.run(TestNG.java:1060)
	at com.intellij.rt.testng.IDEARemoteTestNG.run(IDEARemoteTestNG.java:66)
	at com.intellij.rt.testng.RemoteTestNGStarter.main(RemoteTestNGStarter.java:109)
Caused by: freemarker.template.TemplateNotFoundException: Template not found for name "spark/partials/exceptıon.ftl".
The name was interpreted by this TemplateLoader: ClassTemplateLoader(resourceLoaderClass=com.aventstack.extentreports.ExtentReports, basePackagePath="templates/" /* relatively to resourceLoaderClass pkg */).
	at freemarker.template.Configuration.getTemplate(Configuration.java:2883)
	at freemarker.core.Environment.getTemplateForInclusion(Environment.java:2913)
	at freemarker.core.Include.accept(Include.java:162)
	... 60 more
2022-06-05 22:28:25 INFO  Logger1:32 - Test Started
2022-06-05 22:28:35 INFO  Logger1:44 - SCENARIO : 'senaryo1' - is started
2022-06-05 22:28:35 ERROR Logger1:55 - SCENARIO : senaryo1 - is FAILED
2022-06-05 22:28:42 INFO  Logger1:44 - SCENARIO : 'senaryo2' - is started
2022-06-05 22:28:42 ERROR Logger1:55 - SCENARIO : senaryo2 - is FAILED
2022-06-05 22:28:46 INFO  Logger1:44 - SCENARIO : 'senaryo3' - is started
2022-06-05 22:28:46 INFO  Logger1:58 - SCENARIO : senaryo3 - is over
2022-06-05 22:28:48 INFO  Logger1:73 - Test is Over
2022-06-05 22:28:49 ERROR runtime:60 - Error executing FreeMarker template
FreeMarker template error:
Template inclusion failed (for parameter value "partials/exceptıon.ftl"):
Template not found for name "spark/partials/exceptıon.ftl".
The name was interpreted by this TemplateLoader: ClassTemplateLoader(resourceLoaderClass=com.aventstack.extentreports.ExtentReports, basePackagePath="templates/" /* relatively to resourceLoaderClass pkg */).

----
FTL stack trace ("~" means nesting-related):
	- Failed at: #include "partials/${view.toString()}...  [in template "spark/spark.spa.ftl" at line 27, column 36]
----

Java stack trace (for programmers):
----
freemarker.core._MiscTemplateException: [... Exception message was already printed; see it above ...]
	at freemarker.core.Include.accept(Include.java:164)
	at freemarker.core.Environment.visit(Environment.java:383)
	at freemarker.core.IteratorBlock$IterationContext.executedNestedContentForCollOrSeqListing(IteratorBlock.java:321)
	at freemarker.core.IteratorBlock$IterationContext.executeNestedContent(IteratorBlock.java:271)
	at freemarker.core.IteratorBlock$IterationContext.accept(IteratorBlock.java:244)
	at freemarker.core.Environment.visitIteratorBlock(Environment.java:657)
	at freemarker.core.IteratorBlock.acceptWithResult(IteratorBlock.java:108)
	at freemarker.core.IteratorBlock.accept(IteratorBlock.java:94)
	at freemarker.core.Environment.visit(Environment.java:347)
	at freemarker.core.Environment.visit(Environment.java:353)
	at freemarker.core.Environment.process(Environment.java:326)
	at freemarker.template.Template.process(Template.java:383)
	at com.aventstack.extentreports.templating.FreemarkerTemplate.processTemplate(FreemarkerTemplate.java:52)
	at com.aventstack.extentreports.templating.FreemarkerTemplate.getSource(FreemarkerTemplate.java:39)
	at com.aventstack.extentreports.templating.FreemarkerTemplate.writeTemplate(FreemarkerTemplate.java:45)
	at com.aventstack.extentreports.reporter.AbstractFileReporter.processTemplate(AbstractFileReporter.java:74)
	at com.aventstack.extentreports.reporter.ExtentSparkReporter.flush(ExtentSparkReporter.java:149)
	at com.aventstack.extentreports.reporter.ExtentSparkReporter.access$100(ExtentSparkReporter.java:27)
	at com.aventstack.extentreports.reporter.ExtentSparkReporter$1.onNext(ExtentSparkReporter.java:121)
	at com.aventstack.extentreports.reporter.ExtentSparkReporter$1.onNext(ExtentSparkReporter.java:113)
	at io.reactivex.rxjava3.subjects.PublishSubject$PublishDisposable.onNext(PublishSubject.java:310)
	at io.reactivex.rxjava3.subjects.PublishSubject.onNext(PublishSubject.java:226)
	at com.aventstack.extentreports.ReactiveSubject.onFlush(ReactiveSubject.java:83)
	at com.aventstack.extentreports.AbstractProcessor.onFlush(AbstractProcessor.java:85)
	at com.aventstack.extentreports.ExtentReports.flush(ExtentReports.java:279)
	at com.aventstack.extentreports.cucumber.adapter.ExtentCucumberAdapter.finishReport(ExtentCucumberAdapter.java:300)
	at com.aventstack.extentreports.cucumber.adapter.ExtentCucumberAdapter.access$600(ExtentCucumberAdapter.java:62)
	at com.aventstack.extentreports.cucumber.adapter.ExtentCucumberAdapter$8.receive(ExtentCucumberAdapter.java:136)
	at com.aventstack.extentreports.cucumber.adapter.ExtentCucumberAdapter$8.receive(ExtentCucumberAdapter.java:133)
	at io.cucumber.core.eventbus.AbstractEventPublisher.send(AbstractEventPublisher.java:51)
	at io.cucumber.core.eventbus.AbstractEventBus.send(AbstractEventBus.java:12)
	at io.cucumber.core.runtime.SynchronizedEventBus.send(SynchronizedEventBus.java:47)
	at io.cucumber.core.runtime.CucumberExecutionContext.emitTestRunFinished(CucumberExecutionContext.java:111)
	at io.cucumber.core.runtime.CucumberExecutionContext.finishTestRun(CucumberExecutionContext.java:98)
	at io.cucumber.testng.TestNGCucumberRunner.finish(TestNGCucumberRunner.java:145)
	at io.cucumber.testng.AbstractTestNGCucumberTests.tearDownClass(AbstractTestNGCucumberTests.java:57)
	at sun.reflect.NativeMethodAccessorImpl.invoke0(Native Method)
	at sun.reflect.NativeMethodAccessorImpl.invoke(NativeMethodAccessorImpl.java:62)
	at sun.reflect.DelegatingMethodAccessorImpl.invoke(DelegatingMethodAccessorImpl.java:43)
	at java.lang.reflect.Method.invoke(Method.java:498)
	at org.testng.internal.invokers.MethodInvocationHelper.invokeMethod(MethodInvocationHelper.java:135)
	at org.testng.internal.invokers.MethodInvocationHelper.invokeMethodConsideringTimeout(MethodInvocationHelper.java:65)
	at org.testng.internal.invokers.ConfigInvoker.invokeConfigurationMethod(ConfigInvoker.java:381)
	at org.testng.internal.invokers.ConfigInvoker.invokeConfigurations(ConfigInvoker.java:319)
	at org.testng.internal.invokers.TestMethodWorker.invokeAfterClassMethods(TestMethodWorker.java:220)
	at org.testng.internal.invokers.TestMethodWorker.run(TestMethodWorker.java:130)
	at java.util.ArrayList.forEach(ArrayList.java:1259)
	at org.testng.TestRunner.privateRun(TestRunner.java:808)
	at org.testng.TestRunner.run(TestRunner.java:603)
	at org.testng.SuiteRunner.runTest(SuiteRunner.java:429)
	at org.testng.SuiteRunner.runSequentially(SuiteRunner.java:423)
	at org.testng.SuiteRunner.privateRun(SuiteRunner.java:383)
	at org.testng.SuiteRunner.run(SuiteRunner.java:326)
	at org.testng.SuiteRunnerWorker.runSuite(SuiteRunnerWorker.java:52)
	at org.testng.SuiteRunnerWorker.run(SuiteRunnerWorker.java:95)
	at org.testng.TestNG.runSuitesSequentially(TestNG.java:1249)
	at org.testng.TestNG.runSuitesLocally(TestNG.java:1169)
	at org.testng.TestNG.runSuites(TestNG.java:1092)
	at org.testng.TestNG.run(TestNG.java:1060)
	at com.intellij.rt.testng.IDEARemoteTestNG.run(IDEARemoteTestNG.java:66)
	at com.intellij.rt.testng.RemoteTestNGStarter.main(RemoteTestNGStarter.java:109)
Caused by: freemarker.template.TemplateNotFoundException: Template not found for name "spark/partials/exceptıon.ftl".
The name was interpreted by this TemplateLoader: ClassTemplateLoader(resourceLoaderClass=com.aventstack.extentreports.ExtentReports, basePackagePath="templates/" /* relatively to resourceLoaderClass pkg */).
	at freemarker.template.Configuration.getTemplate(Configuration.java:2883)
	at freemarker.core.Environment.getTemplateForInclusion(Environment.java:2913)
	at freemarker.core.Include.accept(Include.java:162)
	... 60 more
2022-06-05 22:31:31 INFO  Logger1:32 - Test Started
2022-06-05 22:31:41 INFO  Logger1:44 - SCENARIO : 'senaryo1' - is started
2022-06-05 22:31:41 ERROR Logger1:55 - SCENARIO : senaryo1 - is FAILED
2022-06-05 22:31:46 INFO  Logger1:44 - SCENARIO : 'senaryo2' - is started
2022-06-05 22:31:46 ERROR Logger1:55 - SCENARIO : senaryo2 - is FAILED
2022-06-05 22:31:50 INFO  Logger1:44 - SCENARIO : 'senaryo3' - is started
2022-06-05 22:31:50 INFO  Logger1:58 - SCENARIO : senaryo3 - is over
2022-06-05 22:31:53 INFO  Logger1:73 - Test is Over
2022-06-05 22:49:19 INFO  Logger1:32 - Test Started
2022-06-05 22:49:27 INFO  Logger1:44 - SCENARIO : 'senaryo1' - is started
2022-06-05 22:49:27 ERROR Logger1:55 - SCENARIO : senaryo1 - is FAILED
2022-06-05 22:49:33 INFO  Logger1:44 - SCENARIO : 'senaryo2' - is started
2022-06-05 22:49:33 ERROR Logger1:55 - SCENARIO : senaryo2 - is FAILED
2022-06-05 22:49:39 INFO  Logger1:44 - SCENARIO : 'senaryo3' - is started
2022-06-05 22:49:39 INFO  Logger1:58 - SCENARIO : senaryo3 - is over
2022-06-05 22:49:41 INFO  Logger1:73 - Test is Over
2022-06-05 22:51:06 INFO  Logger1:32 - Test Started
2022-06-05 22:51:13 INFO  Logger1:44 - SCENARIO : 'senaryo1' - is started
2022-06-05 22:51:14 ERROR Logger1:55 - SCENARIO : senaryo1 - is FAILED
2022-06-05 22:51:18 INFO  Logger1:44 - SCENARIO : 'senaryo2' - is started
2022-06-05 22:51:18 ERROR Logger1:55 - SCENARIO : senaryo2 - is FAILED
2022-06-05 22:51:21 INFO  Logger1:44 - SCENARIO : 'senaryo3' - is started
2022-06-05 22:51:21 INFO  Logger1:58 - SCENARIO : senaryo3 - is over
2022-06-05 22:51:24 INFO  Logger1:73 - Test is Over
